{"meta": {"format": 3, "version": "7.13.3", "timestamp": "2026-08-20T19:55:39.964472", "branch_coverage": true, "show_contexts": false}, "files": {"src/edgeai/__init__.py": {"executed_lines": [2, 3, 4, 5, 6], "summary": {"covered_lines": 5, "num_statements": 5, "percent_covered": 100.0, "percent_covered_display": "100.00", "missing_lines": 0, "excluded_lines": 0, "percent_statements_covered": 100.0, "percent_statements_covered_display": "100.00", "num_branches": 0, "num_partial_branches": 0, "covered_branches": 0, "missing_branches": 0, "percent_branches_covered": 100.0, "percent_branches_covered_display": "100.00"}, "missing_lines": [], "excluded_lines": [], "executed_branches": [], "missing_branches": [], "functions": {"": {"executed_lines": [2, 3, 4, 5, 6], "summary": {"covered_lines": 5, "num_statements": 5, "percent_covered": 100.0, "percent_covered_display": "100.00", "missing_lines": 0, "excluded_lines": 0, "percent_statements_covered": 100.0, "percent_statements_covered_display": "100.00", "num_branches": 0, "num_partial_branches": 0, "covered_branches": 0, "missing_branches": 0, "percent_branches_covered": 100.0, "percent_branches_covered_display": "100.00"}, "missing_lines": [], "excluded_lines": [], "start_line": 1, "executed_branches": [], "missing_branches": []}}, "classes": {"": {"executed_lines": [2, 3, 4, 5, 6], "summary": {"covered_lines": 5, "num_statements": 5, "percent_covered": 100.0, "percent_covered_display": "100.00", "missing_lines": 0, "excluded_lines": 0, "percent_statements_covered": 100.0, "percent_statements_covered_display": "100.00", "num_branches": 0, "num_partial_branches": 0, "covered_branches": 0, "missing_branches": 0, "percent_branches_covered": 100.0, "percent_branches_covered_display": "100.00"}, "missing_lines": [], "excluded_lines": [], "start_line": 1, "executed_branches": [], "missing_branches": []}}}, "src/edgeai/artifact.py": {"executed_lines": [1, 3, 4, 5, 6, 7, 8, 10, 11, 13, 14, 15, 17, 18, 19, 23, 26, 27, 28, 29, 30, 31, 32, 33, 34, 35, 38, 39, 40, 43, 44, 45, 46, 51, 52, 55, 58, 61, 62, 63, 64, 65, 66, 67, 68, 69, 72, 73, 74, 75, 76, 77, 78, 81, 82, 84, 85, 86, 87, 88, 93, 94, 99, 100, 107, 108, 109, 115, 116, 117, 118, 119, 120, 121, 124, 125, 126, 127, 128, 129, 130, 131, 134, 144, 145, 146, 147, 148, 149, 154, 155, 156, 157, 158, 159, 160, 172, 173, 176, 177, 178, 179, 180, 181, 182, 183, 184, 185, 186, 187, 188, 194, 206, 207, 208, 209, 212, 213, 214, 215, 216, 217, 218, 221, 222, 223, 224, 225, 228, 229, 232, 233, 234, 235, 236, 237, 238, 239, 242, 243, 244, 245, 246, 247, 248, 249, 250, 251, 252, 253, 254, 256, 257, 258, 259, 260, 261, 262], "summary": {"covered_lines": 158, "num_statements": 161, "percent_covered": 98.20627802690584, "percent_covered_display": "98.21", "missing_lines": 3, "excluded_lines": 0, "percent_statements_covered": 98.13664596273291, "percent_statements_covered_display": "98.14", "num_branches": 62, "num_partial_branches": 1, "covered_branches": 61, "missing_branches": 1, "percent_branches_covered": 98.38709677419355, "percent_branches_covered_display": "98.39"}, "missing_lines": [83, 122, 123], "excluded_lines": [], "executed_branches": [[31, 32], [31, 33], [66, 67], [66, 68], [68, -61], [68, 69], [77, -72], [77, 78], [82, 84], [84, 85], [84, 86], [86, 87], [86, 88], [88, 93], [88, 94], [94, 99], [94, 100], [100, 107], [100, 109], [107, 100], [107, 108], [109, 115], [109, 117], [115, 109], [115, 116], [117, 118], [117, 119], [124, 125], [124, 126], [126, 127], [126, 128], [128, 129], [128, 130], [149, 154], [149, 155], [155, 156], [155, 157], [158, 159], [158, 160], [178, 179], [178, 180], [181, 182], [181, 185], [186, 187], [186, 188], [234, 235], [234, 236], [236, 237], [236, 238], [238, -232], [238, 239], [246, 247], [246, 248], [248, -243], [248, 249], [249, 250], [249, 251], [257, 258], [257, 259], [260, 261], [260, 262]], "missing_branches": [[82, 83]], "functions": {"sha256_stream": {"executed_lines": [27, 28, 29, 30, 31, 32, 33, 34, 35], "summary": {"covered_lines": 9, "num_statements": 9, "percent_covered": 100.0, "percent_covered_display": "100.00", "missing_lines": 0, "excluded_lines": 0, "percent_statements_covered": 100.0, "percent_statements_covered_display": "100.00", "num_branches": 2, "num_partial_branches": 0, "covered_branches": 2, "missing_branches": 0, "percent_branches_covered": 100.0, "percent_branches_covered_display": "100.00"}, "missing_lines": [], "excluded_lines": [], "start_line": 26, "executed_branches": [[31, 32], [31, 33]], "missing_branches": []}, "sha256_file": {"executed_lines": [39, 40], "summary": {"covered_lines": 2, "num_statements": 2, "percent_covered": 100.0, "percent_covered_display": "100.00", "missing_lines": 0, "excluded_lines": 0, "percent_statements_covered": 100.0, "percent_statements_covered_display": "100.00", "num_branches": 0, "num_partial_branches": 0, "covered_branches": 0, "missing_branches": 0, "percent_branches_covered": 100.0, "percent_branches_covered_display": "100.00"}, "missing_lines": [], "excluded_lines": [], "start_line": 38, "executed_branches": [], "missing_branches": []}, "generate_keypair": {"executed_lines": [44, 45, 46, 51, 52], "summary": {"covered_lines": 5, "num_statements": 5, "percent_covered": 100.0, "percent_covered_display": "100.00", "missing_lines": 0, "excluded_lines": 0, "percent_statements_covered": 100.0, "percent_statements_covered_display": "100.00", "num_branches": 0, "num_partial_branches": 0, "covered_branches": 0, "missing_branches": 0, "percent_branches_covered": 100.0, "percent_branches_covered_display": "100.00"}, "missing_lines": [], "excluded_lines": [], "start_line": 43, "executed_branches": [], "missing_branches": []}, "public_key_id": {"executed_lines": [58], "summary": {"covered_lines": 1, "num_statements": 1, "percent_covered": 100.0, "percent_covered_display": "100.00", "missing_lines": 0, "excluded_lines": 0, "percent_statements_covered": 100.0, "percent_statements_covered_display": "100.00", "num_branches": 0, "num_partial_branches": 0, "covered_branches": 0, "missing_branches": 0, "percent_branches_covered": 100.0, "percent_branches_covered_display": "100.00"}, "missing_lines": [], "excluded_lines": [], "start_line": 55, "executed_branches": [], "missing_branches": []}, "_validate_created_utc": {"executed_lines": [62, 63, 64, 65, 66, 67, 68, 69], "summary": {"covered_lines": 8, "num_statements": 8, "percent_covered": 100.0, "percent_covered_display": "100.00", "missing_lines": 0, "excluded_lines": 0, "percent_statements_covered": 100.0, "percent_statements_covered_display": "100.00", "num_branches": 4, "num_partial_branches": 0, "covered_branches": 4, "missing_branches": 0, "percent_branches_covered": 100.0, "percent_branches_covered_display": "100.00"}, "missing_lines": [], "excluded_lines": [], "start_line": 61, "executed_branches": [[66, 67], [66, 68], [68, -61], [68, 69]], "missing_branches": []}, "_validate_metadata": {"executed_lines": [73, 74, 75, 76, 77, 78], "summary": {"covered_lines": 6, "num_statements": 6, "percent_covered": 100.0, "percent_covered_display": "100.00", "missing_lines": 0, "excluded_lines": 0, "percent_statements_covered": 100.0, "percent_statements_covered_display": "100.00", "num_branches": 2, "num_partial_branches": 0, "covered_branches": 2, "missing_branches": 0, "percent_branches_covered": 100.0, "percent_branches_covered_display": "100.00"}, "missing_lines": [], "excluded_lines": [], "start_line": 72, "executed_branches": [[77, -72], [77, 78]], "missing_branches": []}, "_validate_manifest": {"executed_lines": [82, 84, 85, 86, 87, 88, 93, 94, 99, 100, 107, 108, 109, 115, 116, 117, 118, 119, 120, 121, 124, 125, 126, 127, 128, 129, 130, 131], "summary": {"covered_lines": 28, "num_statements": 31, "percent_covered": 92.98245614035088, "percent_covered_display": "92.98", "missing_lines": 3, "excluded_lines": 0, "percent_statements_covered": 90.3225806451613, "percent_statements_covered_display": "90.32", "num_branches": 26, "num_partial_branches": 1, "covered_branches": 25, "missing_branches": 1, "percent_branches_covered": 96.15384615384616, "percent_branches_covered_display": "96.15"}, "missing_lines": [83, 122, 123], "excluded_lines": [], "start_line": 81, "executed_branches": [[82, 84], [84, 85], [84, 86], [86, 87], [86, 88], [88, 93], [88, 94], [94, 99], [94, 100], [100, 107], [100, 109], [107, 100], [107, 108], [109, 115], [109, 117], [115, 109], [115, 116], [117, 118], [117, 119], [124, 125], [124, 126], [126, 127], [126, 128], [128, 129], [128, 130]], "missing_branches": [[82, 83]]}, "build_manifest": {"executed_lines": [144, 145, 146, 147, 148, 149, 154, 155, 156, 157, 158, 159, 160, 172, 173], "summary": {"covered_lines": 15, "num_statements": 15, "percent_covered": 100.0, "percent_covered_display": "100.00", "missing_lines": 0, "excluded_lines": 0, "percent_statements_covered": 100.0, "percent_statements_covered_display": "100.00", "num_branches": 6, "num_partial_branches": 0, "covered_branches": 6, "missing_branches": 0, "percent_branches_covered": 100.0, "percent_branches_covered_display": "100.00"}, "missing_lines": [], "excluded_lines": [], "start_line": 134, "executed_branches": [[149, 154], [149, 155], [155, 156], [155, 157], [158, 159], [158, 160]], "missing_branches": []}, "manifest_from_dict": {"executed_lines": [177, 178, 179, 180, 181, 182, 183, 184, 185, 186, 187, 188, 194, 206, 207, 208, 209], "summary": {"covered_lines": 17, "num_statements": 17, "percent_covered": 100.0, "percent_covered_display": "100.00", "missing_lines": 0, "excluded_lines": 0, "percent_statements_covered": 100.0, "percent_statements_covered_display": "100.00", "num_branches": 6, "num_partial_branches": 0, "covered_branches": 6, "missing_branches": 0, "percent_branches_covered": 100.0, "percent_branches_covered_display": "100.00"}, "missing_lines": [], "excluded_lines": [], "start_line": 176, "executed_branches": [[178, 179], [178, 180], [181, 182], [181, 185], [186, 187], [186, 188]], "missing_branches": []}, "sign_manifest": {"executed_lines": [213, 214, 215, 216, 217, 218], "summary": {"covered_lines": 6, "num_statements": 6, "percent_covered": 100.0, "percent_covered_display": "100.00", "missing_lines": 0, "excluded_lines": 0, "percent_statements_covered": 100.0, "percent_statements_covered_display": "100.00", "num_branches": 0, "num_partial_branches": 0, "covered_branches": 0, "missing_branches": 0, "percent_branches_covered": 100.0, "percent_branches_covered_display": "100.00"}, "missing_lines": [], "excluded_lines": [], "start_line": 212, "executed_branches": [], "missing_branches": []}, "verify_manifest": {"executed_lines": [222, 223, 224, 225, 228, 229], "summary": {"covered_lines": 6, "num_statements": 6, "percent_covered": 100.0, "percent_covered_display": "100.00", "missing_lines": 0, "excluded_lines": 0, "percent_statements_covered": 100.0, "percent_statements_covered_display": "100.00", "num_branches": 0, "num_partial_branches": 0, "covered_branches": 0, "missing_branches": 0, "percent_branches_covered": 100.0, "percent_branches_covered_display": "100.00"}, "missing_lines": [], "excluded_lines": [], "start_line": 221, "executed_branches": [], "missing_branches": []}, "verify_artifact": {"executed_lines": [233, 234, 235, 236, 237, 238, 239], "summary": {"covered_lines": 7, "num_statements": 7, "percent_covered": 100.0, "percent_covered_display": "100.00", "missing_lines": 0, "excluded_lines": 0, "percent_statements_covered": 100.0, "percent_statements_covered_display": "100.00", "num_branches": 6, "num_partial_branches": 0, "covered_branches": 6, "missing_branches": 0, "percent_branches_covered": 100.0, "percent_branches_covered_display": "100.00"}, "missing_lines": [], "excluded_lines": [], "start_line": 232, "executed_branches": [[234, 235], [234, 236], [236, 237], [236, 238], [238, -232], [238, 239]], "missing_branches": []}, "TrustedKeyring.__init__": {"executed_lines": [244, 245, 246, 247, 248, 249, 250, 251, 252, 253, 254], "summary": {"covered_lines": 11, "num_statements": 11, "percent_covered": 100.0, "percent_covered_display": "100.00", "missing_lines": 0, "excluded_lines": 0, "percent_statements_covered": 100.0, "percent_statements_covered_display": "100.00", "num_branches": 6, "num_partial_branches": 0, "covered_branches": 6, "missing_branches": 0, "percent_branches_covered": 100.0, "percent_branches_covered_display": "100.00"}, "missing_lines": [], "excluded_lines": [], "start_line": 243, "executed_branches": [[246, 247], [246, 248], [248, -243], [248, 249], [249, 250], [249, 251]], "missing_branches": []}, "TrustedKeyring.verify": {"executed_lines": [257, 258, 259, 260, 261, 262], "summary": {"covered_lines": 6, "num_statements": 6, "percent_covered": 100.0, "percent_covered_display": "100.00", "missing_lines": 0, "excluded_lines": 0, "percent_statements_covered": 100.0, "percent_statements_covered_display": "100.00", "num_branches": 4, "num_partial_branches": 0, "covered_branches": 4, "missing_branches": 0, "percent_branches_covered": 100.0, "percent_branches_covered_display": "100.00"}, "missing_lines": [], "excluded_lines": [], "start_line": 256, "executed_branches": [[257, 258], [257, 259], [260, 261], [260, 262]], "missing_branches": []}, "": {"executed_lines": [1, 3, 4, 5, 6, 7, 8, 10, 11, 13, 14, 15, 17, 18, 19, 23, 26, 38, 43, 55, 61, 72, 81, 134, 176, 212, 221, 232, 242, 243, 256], "summary": {"covered_lines": 31, "num_statements": 31, "percent_covered": 100.0, "percent_covered_display": "100.00", "missing_lines": 0, "excluded_lines": 0, "percent_statements_covered": 100.0, "percent_statements_covered_display": "100.00", "num_branches": 0, "num_partial_branches": 0, "covered_branches": 0, "missing_branches": 0, "percent_branches_covered": 100.0, "percent_branches_covered_display": "100.00"}, "missing_lines": [], "excluded_lines": [], "start_line": 1, "executed_branches": [], "missing_branches": []}}, "classes": {"TrustedKeyring": {"executed_lines": [244, 245, 246, 247, 248, 249, 250, 251, 252, 253, 254, 257, 258, 259, 260, 261, 262], "summary": {"covered_lines": 17, "num_statements": 17, "percent_covered": 100.0, "percent_covered_display": "100.00", "missing_lines": 0, "excluded_lines": 0, "percent_statements_covered": 100.0, "percent_statements_covered_display": "100.00", "num_branches": 10, "num_partial_branches": 0, "covered_branches": 10, "missing_branches": 0, "percent_branches_covered": 100.0, "percent_branches_covered_display": "100.00"}, "missing_lines": [], "excluded_lines": [], "start_line": 242, "executed_branches": [[246, 247], [246, 248], [248, -243], [248, 249], [249, 250], [249, 251], [257, 258], [257, 259], [260, 261], [260, 262]], "missing_branches": []}, "": {"executed_lines": [1, 3, 4, 5, 6, 7, 8, 10, 11, 13, 14, 15, 17, 18, 19, 23, 26, 27, 28, 29, 30, 31, 32, 33, 34, 35, 38, 39, 40, 43, 44, 45, 46, 51, 52, 55, 58, 61, 62, 63, 64, 65, 66, 67, 68, 69, 72, 73, 74, 75, 76, 77, 78, 81, 82, 84, 85, 86, 87, 88, 93, 94, 99, 100, 107, 108, 109, 115, 116, 117, 118, 119, 120, 121, 124, 125, 126, 127, 128, 129, 130, 131, 134, 144, 145, 146, 147, 148, 149, 154, 155, 156, 157, 158, 159, 160, 172, 173, 176, 177, 178, 179, 180, 181, 182, 183, 184, 185, 186, 187, 188, 194, 206, 207, 208, 209, 212, 213, 214, 215, 216, 217, 218, 221, 222, 223, 224, 225, 228, 229, 232, 233, 234, 235, 236, 237, 238, 239, 242, 243, 256], "summary": {"covered_lines": 141, "num_statements": 144, "percent_covered": 97.95918367346938, "percent_covered_display": "97.96", "missing_lines": 3, "excluded_lines": 0, "percent_statements_covered": 97.91666666666667, "percent_statements_covered_display": "97.92", "num_branches": 52, "num_partial_branches": 1, "covered_branches": 51, "missing_branches": 1, "percent_branches_covered": 98.07692307692308, "percent_branches_covered_display": "98.08"}, "missing_lines": [83, 122, 123], "excluded_lines": [], "start_line": 1, "executed_branches": [[31, 32], [31, 33], [66, 67], [66, 68], [68, -61], [68, 69], [77, -72], [77, 78], [82, 84], [84, 85], [84, 86], [86, 87], [86, 88], [88, 93], [88, 94], [94, 99], [94, 100], [100, 107], [100, 109], [107, 100], [107, 108], [109, 115], [109, 117], [115, 109], [115, 116], [117, 118], [117, 119], [124, 125], [124, 126], [126, 127], [126, 128], [128, 129], [128, 130], [149, 154], [149, 155], [155, 156], [155, 157], [158, 159], [158, 160], [178, 179], [178, 180], [181, 182], [181, 185], [186, 187], [186, 188], [234, 235], [234, 236], [236, 237], [236, 238], [238, -232], [238, 239]], "missing_branches": [[82, 83]]}}}, "src/edgeai/cli.py": {"executed_lines": [1, 3, 4, 6, 7, 8, 11, 12, 13, 15, 16, 18, 19, 21, 22, 23, 24, 25, 26, 28, 29, 30, 31, 32, 33, 35, 37, 38, 39, 40, 41, 43, 44, 51, 62, 64, 65, 66, 67, 68, 71, 74], "summary": {"covered_lines": 42, "num_statements": 44, "percent_covered": 90.74074074074075, "percent_covered_display": "90.74", "missing_lines": 2, "excluded_lines": 0, "percent_statements_covered": 95.45454545454545, "percent_statements_covered_display": "95.45", "num_branches": 10, "num_partial_branches": 3, "covered_branches": 7, "missing_branches": 3, "percent_branches_covered": 70.0, "percent_branches_covered_display": "70.00"}, "missing_lines": [70, 75], "excluded_lines": [], "executed_branches": [[37, 38], [37, 43], [38, 39], [43, 44], [43, 64], [66, 67], [74, -1]], "missing_branches": [[38, 43], [66, 70], [74, 75]], "functions": {"main": {"executed_lines": [12, 13, 15, 16, 18, 19, 21, 22, 23, 24, 25, 26, 28, 29, 30, 31, 32, 33, 35, 37, 38, 39, 40, 41, 43, 44, 51, 62, 64, 65, 66, 67, 68, 71], "summary": {"covered_lines": 34, "num_statements": 35, "percent_covered": 93.02325581395348, "percent_covered_display": "93.02", "missing_lines": 1, "excluded_lines": 0, "percent_statements_covered": 97.14285714285714, "percent_statements_covered_display": "97.14", "num_branches": 8, "num_partial_branches": 2, "covered_branches": 6, "missing_branches": 2, "percent_branches_covered": 75.0, "percent_branches_covered_display": "75.00"}, "missing_lines": [70], "excluded_lines": [], "start_line": 11, "executed_branches": [[37, 38], [37, 43], [38, 39], [43, 44], [43, 64], [66, 67]], "missing_branches": [[38, 43], [66, 70]]}, "": {"executed_lines": [1, 3, 4, 6, 7, 8, 11, 74], "summary": {"covered_lines": 8, "num_statements": 9, "percent_covered": 81.81818181818181, "percent_covered_display": "81.82", "missing_lines": 1, "excluded_lines": 0, "percent_statements_covered": 88.88888888888889, "percent_statements_covered_display": "88.89", "num_branches": 2, "num_partial_branches": 1, "covered_branches": 1, "missing_branches": 1, "percent_branches_covered": 50.0, "percent_branches_covered_display": "50.00"}, "missing_lines": [75], "excluded_lines": [], "start_line": 1, "executed_branches": [[74, -1]], "missing_branches": [[74, 75]]}}, "classes": {"": {"executed_lines": [1, 3, 4, 6, 7, 8, 11, 12, 13, 15, 16, 18, 19, 21, 22, 23, 24, 25, 26, 28, 29, 30, 31, 32, 33, 35, 37, 38, 39, 40, 41, 43, 44, 51, 62, 64, 65, 66, 67, 68, 71, 74], "summary": {"covered_lines": 42, "num_statements": 44, "percent_covered": 90.74074074074075, "percent_covered_display": "90.74", "missing_lines": 2, "excluded_lines": 0, "percent_statements_covered": 95.45454545454545, "percent_statements_covered_display": "95.45", "num_branches": 10, "num_partial_branches": 3, "covered_branches": 7, "missing_branches": 3, "percent_branches_covered": 70.0, "percent_branches_covered_display": "70.00"}, "missing_lines": [70, 75], "excluded_lines": [], "start_line": 1, "executed_branches": [[37, 38], [37, 43], [38, 39], [43, 44], [43, 64], [66, 67], [74, -1]], "missing_branches": [[38, 43], [66, 70], [74, 75]]}}}, "src/edgeai/config.py": {"executed_lines": [1, 3, 4, 5, 7, 9, 10, 11, 14, 15, 18, 19, 20, 21, 22, 23, 24, 25, 26, 29, 34, 35, 36, 37, 40, 41, 47, 48, 51, 52, 53, 54, 55, 56, 57, 58, 59, 60, 61, 62, 63, 64, 65, 66, 67, 68, 69, 70, 71, 72, 73, 74, 75, 76, 77, 78, 79, 80, 81, 82, 83, 84, 85, 86, 87, 89, 90, 91, 92, 93, 94, 95, 96, 97, 98, 99, 100, 101, 102, 103, 104, 105, 106, 108, 109, 110, 111, 112, 113, 114, 115, 116, 117, 118, 119, 120, 121, 122, 123, 124, 130, 132, 135, 136, 138, 139, 150, 152, 158, 159, 168, 169, 170, 171, 172, 173, 174, 175, 176, 177, 178, 179], "summary": {"covered_lines": 122, "num_statements": 124, "percent_covered": 97.43589743589743, "percent_covered_display": "97.44", "missing_lines": 2, "excluded_lines": 0, "percent_statements_covered": 98.38709677419355, "percent_statements_covered_display": "98.39", "num_branches": 32, "num_partial_branches": 2, "covered_branches": 30, "missing_branches": 2, "percent_branches_covered": 93.75, "percent_branches_covered_display": "93.75"}, "missing_lines": [107, 131], "excluded_lines": [], "executed_branches": [[21, 22], [21, 26], [23, 24], [23, 25], [35, 36], [35, 37], [41, 47], [41, 48], [90, 91], [90, 94], [92, 90], [92, 93], [95, 96], [95, 97], [106, 108], [109, 110], [109, 111], [111, 112], [111, 113], [113, 114], [113, 115], [116, 117], [116, 118], [118, 119], [118, 120], [130, 132], [170, 171], [170, 172], [174, 175], [174, 176]], "missing_branches": [[106, 107], [130, 131]], "functions": {"_construct_unique_mapping": {"executed_lines": [19, 20, 21, 22, 23, 24, 25, 26], "summary": {"covered_lines": 8, "num_statements": 8, "percent_covered": 100.0, "percent_covered_display": "100.00", "missing_lines": 0, "excluded_lines": 0, "percent_statements_covered": 100.0, "percent_statements_covered_display": "100.00", "num_branches": 4, "num_partial_branches": 0, "covered_branches": 4, "missing_branches": 0, "percent_branches_covered": 100.0, "percent_branches_covered_display": "100.00"}, "missing_lines": [], "excluded_lines": [], "start_line": 18, "executed_branches": [[21, 22], [21, 26], [23, 24], [23, 25]], "missing_branches": []}, "_bounded_int": {"executed_lines": [35, 36, 37], "summary": {"covered_lines": 3, "num_statements": 3, "percent_covered": 100.0, "percent_covered_display": "100.00", "missing_lines": 0, "excluded_lines": 0, "percent_statements_covered": 100.0, "percent_statements_covered_display": "100.00", "num_branches": 2, "num_partial_branches": 0, "covered_branches": 2, "missing_branches": 0, "percent_branches_covered": 100.0, "percent_branches_covered_display": "100.00"}, "missing_lines": [], "excluded_lines": [], "start_line": 34, "executed_branches": [[35, 36], [35, 37]], "missing_branches": []}, "_bounded_number": {"executed_lines": [41, 47, 48], "summary": {"covered_lines": 3, "num_statements": 3, "percent_covered": 100.0, "percent_covered_display": "100.00", "missing_lines": 0, "excluded_lines": 0, "percent_statements_covered": 100.0, "percent_statements_covered_display": "100.00", "num_branches": 2, "num_partial_branches": 0, "covered_branches": 2, "missing_branches": 0, "percent_branches_covered": 100.0, "percent_branches_covered_display": "100.00"}, "missing_lines": [], "excluded_lines": [], "start_line": 40, "executed_branches": [[41, 47], [41, 48]], "missing_branches": []}, "RuntimeConfig.validate": {"executed_lines": [90, 91, 92, 93, 94, 95, 96, 97, 98, 99, 100, 101, 102, 103, 104, 105, 106, 108, 109, 110, 111, 112, 113, 114, 115, 116, 117, 118, 119, 120, 121, 122, 123, 124, 130, 132, 135, 136], "summary": {"covered_lines": 38, "num_statements": 40, "percent_covered": 93.33333333333333, "percent_covered_display": "93.33", "missing_lines": 2, "excluded_lines": 0, "percent_statements_covered": 95.0, "percent_statements_covered_display": "95.00", "num_branches": 20, "num_partial_branches": 2, "covered_branches": 18, "missing_branches": 2, "percent_branches_covered": 90.0, "percent_branches_covered_display": "90.00"}, "missing_lines": [107, 131], "excluded_lines": [], "start_line": 89, "executed_branches": [[90, 91], [90, 94], [92, 90], [92, 93], [95, 96], [95, 97], [106, 108], [109, 110], [109, 111], [111, 112], [111, 113], [113, 114], [113, 115], [116, 117], [116, 118], [118, 119], [118, 120], [130, 132]], "missing_branches": [[106, 107], [130, 131]]}, "RuntimeConfig.qualification_limits": {"executed_lines": [139], "summary": {"covered_lines": 1, "num_statements": 1, "percent_covered": 100.0, "percent_covered_display": "100.00", "missing_lines": 0, "excluded_lines": 0, "percent_statements_covered": 100.0, "percent_statements_covered_display": "100.00", "num_branches": 0, "num_partial_branches": 0, "covered_branches": 0, "missing_branches": 0, "percent_branches_covered": 100.0, "percent_branches_covered_display": "100.00"}, "missing_lines": [], "excluded_lines": [], "start_line": 138, "executed_branches": [], "missing_branches": []}, "RuntimeConfig.deployer_kwargs": {"executed_lines": [152], "summary": {"covered_lines": 1, "num_statements": 1, "percent_covered": 100.0, "percent_covered_display": "100.00", "missing_lines": 0, "excluded_lines": 0, "percent_statements_covered": 100.0, "percent_statements_covered_display": "100.00", "num_branches": 0, "num_partial_branches": 0, "covered_branches": 0, "missing_branches": 0, "percent_branches_covered": 100.0, "percent_branches_covered_display": "100.00"}, "missing_lines": [], "excluded_lines": [], "start_line": 150, "executed_branches": [], "missing_branches": []}, "RuntimeConfig.health_policy": {"executed_lines": [159], "summary": {"covered_lines": 1, "num_statements": 1, "percent_covered": 100.0, "percent_covered_display": "100.00", "missing_lines": 0, "excluded_lines": 0, "percent_statements_covered": 100.0, "percent_statements_covered_display": "100.00", "num_branches": 0, "num_partial_branches": 0, "covered_branches": 0, "missing_branches": 0, "percent_branches_covered": 100.0, "percent_branches_covered_display": "100.00"}, "missing_lines": [], "excluded_lines": [], "start_line": 158, "executed_branches": [], "missing_branches": []}, "load_config": {"executed_lines": [169, 170, 171, 172, 173, 174, 175, 176, 177, 178, 179], "summary": {"covered_lines": 11, "num_statements": 11, "percent_covered": 100.0, "percent_covered_display": "100.00", "missing_lines": 0, "excluded_lines": 0, "percent_statements_covered": 100.0, "percent_statements_covered_display": "100.00", "num_branches": 4, "num_partial_branches": 0, "covered_branches": 4, "missing_branches": 0, "percent_branches_covered": 100.0, "percent_branches_covered_display": "100.00"}, "missing_lines": [], "excluded_lines": [], "start_line": 168, "executed_branches": [[170, 171], [170, 172], [174, 175], [174, 176]], "missing_branches": []}, "": {"executed_lines": [1, 3, 4, 5, 7, 9, 10, 11, 14, 15, 18, 29, 34, 40, 51, 52, 53, 54, 55, 56, 57, 58, 59, 60, 61, 62, 63, 64, 65, 66, 67, 68, 69, 70, 71, 72, 73, 74, 75, 76, 77, 78, 79, 80, 81, 82, 83, 84, 85, 86, 87, 89, 138, 150, 158, 168], "summary": {"covered_lines": 56, "num_statements": 56, "percent_covered": 100.0, "percent_covered_display": "100.00", "missing_lines": 0, "excluded_lines": 0, "percent_statements_covered": 100.0, "percent_statements_covered_display": "100.00", "num_branches": 0, "num_partial_branches": 0, "covered_branches": 0, "missing_branches": 0, "percent_branches_covered": 100.0, "percent_branches_covered_display": "100.00"}, "missing_lines": [], "excluded_lines": [], "start_line": 1, "executed_branches": [], "missing_branches": []}}, "classes": {"_UniqueKeySafeLoader": {"executed_lines": [], "summary": {"covered_lines": 0, "num_statements": 0, "percent_covered": 100.0, "percent_covered_display": "100.00", "missing_lines": 0, "excluded_lines": 0, "percent_statements_covered": 100.0, "percent_statements_covered_display": "100.00", "num_branches": 0, "num_partial_branches": 0, "covered_branches": 0, "missing_branches": 0, "percent_branches_covered": 100.0, "percent_branches_covered_display": "100.00"}, "missing_lines": [], "excluded_lines": [], "start_line": 14, "executed_branches": [], "missing_branches": []}, "RuntimeConfig": {"executed_lines": [90, 91, 92, 93, 94, 95, 96, 97, 98, 99, 100, 101, 102, 103, 104, 105, 106, 108, 109, 110, 111, 112, 113, 114, 115, 116, 117, 118, 119, 120, 121, 122, 123, 124, 130, 132, 135, 136, 139, 152, 159], "summary": {"covered_lines": 41, "num_statements": 43, "percent_covered": 93.65079365079364, "percent_covered_display": "93.65", "missing_lines": 2, "excluded_lines": 0, "percent_statements_covered": 95.34883720930233, "percent_statements_covered_display": "95.35", "num_branches": 20, "num_partial_branches": 2, "covered_branches": 18, "missing_branches": 2, "percent_branches_covered": 90.0, "percent_branches_covered_display": "90.00"}, "missing_lines": [107, 131], "excluded_lines": [], "start_line": 52, "executed_branches": [[90, 91], [90, 94], [92, 90], [92, 93], [95, 96], [95, 97], [106, 108], [109, 110], [109, 111], [111, 112], [111, 113], [113, 114], [113, 115], [116, 117], [116, 118], [118, 119], [118, 120], [130, 132]], "missing_branches": [[106, 107], [130, 131]]}, "": {"executed_lines": [1, 3, 4, 5, 7, 9, 10, 11, 14, 15, 18, 19, 20, 21, 22, 23, 24, 25, 26, 29, 34, 35, 36, 37, 40, 41, 47, 48, 51, 52, 53, 54, 55, 56, 57, 58, 59, 60, 61, 62, 63, 64, 65, 66, 67, 68, 69, 70, 71, 72, 73, 74, 75, 76, 77, 78, 79, 80, 81, 82, 83, 84, 85, 86, 87, 89, 138, 150, 158, 168, 169, 170, 171, 172, 173, 174, 175, 176, 177, 178, 179], "summary": {"covered_lines": 81, "num_statements": 81, "percent_covered": 100.0, "percent_covered_display": "100.00", "missing_lines": 0, "excluded_lines": 0, "percent_statements_covered": 100.0, "percent_statements_covered_display": "100.00", "num_branches": 12, "num_partial_branches": 0, "covered_branches": 12, "missing_branches": 0, "percent_branches_covered": 100.0, "percent_branches_covered_display": "100.00"}, "missing_lines": [], "excluded_lines": [], "start_line": 1, "executed_branches": [[21, 22], [21, 26], [23, 24], [23, 25], [35, 36], [35, 37], [41, 47], [41, 48], [170, 171], [170, 172], [174, 175], [174, 176]], "missing_branches": []}}}, "src/edgeai/data.py": {"executed_lines": [1, 2, 3, 4, 6, 7, 8, 9, 10, 12, 13, 14], "summary": {"covered_lines": 12, "num_statements": 12, "percent_covered": 100.0, "percent_covered_display": "100.00", "missing_lines": 0, "excluded_lines": 0, "percent_statements_covered": 100.0, "percent_statements_covered_display": "100.00", "num_branches": 0, "num_partial_branches": 0, "covered_branches": 0, "missing_branches": 0, "percent_branches_covered": 100.0, "percent_branches_covered_display": "100.00"}, "missing_lines": [], "excluded_lines": [], "executed_branches": [], "missing_branches": [], "functions": {"load": {"executed_lines": [7, 8, 9, 10], "summary": {"covered_lines": 4, "num_statements": 4, "percent_covered": 100.0, "percent_covered_display": "100.00", "missing_lines": 0, "excluded_lines": 0, "percent_statements_covered": 100.0, "percent_statements_covered_display": "100.00", "num_branches": 0, "num_partial_branches": 0, "covered_branches": 0, "missing_branches": 0, "percent_branches_covered": 100.0, "percent_branches_covered_display": "100.00"}, "missing_lines": [], "excluded_lines": [], "start_line": 6, "executed_branches": [], "missing_branches": []}, "corrupt": {"executed_lines": [13, 14], "summary": {"covered_lines": 2, "num_statements": 2, "percent_covered": 100.0, "percent_covered_display": "100.00", "missing_lines": 0, "excluded_lines": 0, "percent_statements_covered": 100.0, "percent_statements_covered_display": "100.00", "num_branches": 0, "num_partial_branches": 0, "covered_branches": 0, "missing_branches": 0, "percent_branches_covered": 100.0, "percent_branches_covered_display": "100.00"}, "missing_lines": [], "excluded_lines": [], "start_line": 12, "executed_branches": [], "missing_branches": []}, "": {"executed_lines": [1, 2, 3, 4, 6, 12], "summary": {"covered_lines": 6, "num_statements": 6, "percent_covered": 100.0, "percent_covered_display": "100.00", "missing_lines": 0, "excluded_lines": 0, "percent_statements_covered": 100.0, "percent_statements_covered_display": "100.00", "num_branches": 0, "num_partial_branches": 0, "covered_branches": 0, "missing_branches": 0, "percent_branches_covered": 100.0, "percent_branches_covered_display": "100.00"}, "missing_lines": [], "excluded_lines": [], "start_line": 1, "executed_branches": [], "missing_branches": []}}, "classes": {"": {"executed_lines": [1, 2, 3, 4, 6, 7, 8, 9, 10, 12, 13, 14], "summary": {"covered_lines": 12, "num_statements": 12, "percent_covered": 100.0, "percent_covered_display": "100.00", "missing_lines": 0, "excluded_lines": 0, "percent_statements_covered": 100.0, "percent_statements_covered_display": "100.00", "num_branches": 0, "num_partial_branches": 0, "covered_branches": 0, "missing_branches": 0, "percent_branches_covered": 100.0, "percent_branches_covered_display": "100.00"}, "missing_lines": [], "excluded_lines": [], "start_line": 1, "executed_branches": [], "missing_branches": []}}}, "src/edgeai/datasets.py": {"executed_lines": [1, 3, 4, 5, 6, 7, 8, 9, 10, 11, 13, 15, 16, 19, 20, 21, 22, 23, 24, 25, 26, 27, 28, 29, 32, 50, 63, 64, 65, 66, 67, 68, 69, 70, 71, 72, 75, 76, 77, 78, 79, 80, 81, 82, 84, 85, 86, 87, 89, 90, 92, 93, 94, 95, 98, 99, 100, 101, 102, 103, 104, 105, 106, 108, 109, 110, 113, 114, 128, 131, 138, 139, 140, 141, 142, 143, 145, 146, 147, 148, 149, 150, 151, 152, 153, 154, 155, 156, 157, 158, 159, 160, 164, 165, 166, 167, 168, 169, 170, 171, 172, 173, 174, 175, 176, 177, 178, 180, 186, 187, 188, 189, 191, 194, 195, 196, 199, 202, 203, 204, 205, 206, 208, 209, 210, 211, 212, 213, 215, 217, 219, 221, 223, 225, 226, 228, 229, 230, 231, 232, 234, 235, 236, 237, 238, 239, 240, 241, 244, 245, 246, 247, 248, 249, 250, 251, 252, 253, 255, 267, 268, 269, 270, 271, 272, 273, 274, 275], "summary": {"covered_lines": 168, "num_statements": 179, "percent_covered": 91.48936170212765, "percent_covered_display": "91.49", "missing_lines": 11, "excluded_lines": 0, "percent_statements_covered": 93.85474860335195, "percent_statements_covered_display": "93.85", "num_branches": 56, "num_partial_branches": 9, "covered_branches": 47, "missing_branches": 9, "percent_branches_covered": 83.92857142857143, "percent_branches_covered_display": "83.93"}, "missing_lines": [88, 91, 107, 197, 198, 216, 218, 220, 222, 224, 242], "excluded_lines": [], "executed_branches": [[78, 79], [78, 95], [81, 82], [81, 84], [85, 86], [85, 87], [87, 89], [90, 92], [92, 93], [92, 94], [103, 104], [103, 105], [106, 108], [139, 140], [139, 145], [141, 142], [141, 143], [153, 154], [153, 160], [158, 159], [158, 160], [170, 171], [170, 172], [172, 173], [172, 180], [186, 187], [186, 188], [205, 206], [205, 208], [215, 217], [217, 219], [219, 221], [221, 223], [223, 225], [225, 226], [225, 228], [229, 230], [229, 231], [236, 237], [236, 239], [241, 244], [245, 246], [245, 248], [250, 251], [250, 255], [273, 274], [273, 275]], "missing_branches": [[87, 88], [90, 91], [106, 107], [215, 216], [217, 218], [219, 220], [221, 222], [223, 224], [241, 242]], "functions": {"_safe_zip_members": {"executed_lines": [76, 77, 78, 79, 80, 81, 82, 84, 85, 86, 87, 89, 90, 92, 93, 94, 95], "summary": {"covered_lines": 17, "num_statements": 19, "percent_covered": 87.09677419354838, "percent_covered_display": "87.10", "missing_lines": 2, "excluded_lines": 0, "percent_statements_covered": 89.47368421052632, "percent_statements_covered_display": "89.47", "num_branches": 12, "num_partial_branches": 2, "covered_branches": 10, "missing_branches": 2, "percent_branches_covered": 83.33333333333333, "percent_branches_covered_display": "83.33"}, "missing_lines": [88, 91], "excluded_lines": [], "start_line": 75, "executed_branches": [[78, 79], [78, 95], [81, 82], [81, 84], [85, 86], [85, 87], [87, 89], [90, 92], [92, 93], [92, 94]], "missing_branches": [[87, 88], [90, 91]]}, "_copy_limited": {"executed_lines": [99, 100, 101, 102, 103, 104, 105, 106, 108, 109, 110], "summary": {"covered_lines": 11, "num_statements": 12, "percent_covered": 87.5, "percent_covered_display": "87.50", "missing_lines": 1, "excluded_lines": 0, "percent_statements_covered": 91.66666666666667, "percent_statements_covered_display": "91.67", "num_branches": 4, "num_partial_branches": 1, "covered_branches": 3, "missing_branches": 1, "percent_branches_covered": 75.0, "percent_branches_covered_display": "75.00"}, "missing_lines": [107], "excluded_lines": [], "start_line": 98, "executed_branches": [[103, 104], [103, 105], [106, 108]], "missing_branches": [[106, 107]]}, "_write_provenance": {"executed_lines": [114, 128], "summary": {"covered_lines": 2, "num_statements": 2, "percent_covered": 100.0, "percent_covered_display": "100.00", "missing_lines": 0, "excluded_lines": 0, "percent_statements_covered": 100.0, "percent_statements_covered_display": "100.00", "num_branches": 0, "num_partial_branches": 0, "covered_branches": 0, "missing_branches": 0, "percent_branches_covered": 100.0, "percent_branches_covered_display": "100.00"}, "missing_lines": [], "excluded_lines": [], "start_line": 113, "executed_branches": [], "missing_branches": []}, "fetch_uci_har": {"executed_lines": [138, 139, 140, 141, 142, 143, 145, 146, 147, 148, 149, 150, 151, 152, 153, 154, 155, 156, 157, 158, 159, 160, 164, 165, 166, 167, 168, 169, 170, 171, 172, 173, 174, 175, 176, 177, 178, 180, 186, 187, 188, 189, 191], "summary": {"covered_lines": 43, "num_statements": 43, "percent_covered": 100.0, "percent_covered_display": "100.00", "missing_lines": 0, "excluded_lines": 0, "percent_statements_covered": 100.0, "percent_statements_covered_display": "100.00", "num_branches": 14, "num_partial_branches": 0, "covered_branches": 14, "missing_branches": 0, "percent_branches_covered": 100.0, "percent_branches_covered_display": "100.00"}, "missing_lines": [], "excluded_lines": [], "start_line": 131, "executed_branches": [[139, 140], [139, 145], [141, 142], [141, 143], [153, 154], [153, 160], [158, 159], [158, 160], [170, 171], [170, 172], [172, 173], [172, 180], [186, 187], [186, 188]], "missing_branches": []}, "_load_vector": {"executed_lines": [195, 196, 199], "summary": {"covered_lines": 3, "num_statements": 5, "percent_covered": 60.0, "percent_covered_display": "60.00", "missing_lines": 2, "excluded_lines": 0, "percent_statements_covered": 60.0, "percent_statements_covered_display": "60.00", "num_branches": 0, "num_partial_branches": 0, "covered_branches": 0, "missing_branches": 0, "percent_branches_covered": 100.0, "percent_branches_covered_display": "100.00"}, "missing_lines": [197, 198], "excluded_lines": [], "start_line": 194, "executed_branches": [], "missing_branches": []}, "load_uci_har": {"executed_lines": [203, 204, 205, 206, 208, 209, 210, 211, 212, 213, 215, 217, 219, 221, 223, 225, 226, 228, 229, 230, 231, 232, 234, 235, 236, 237, 238, 239, 240, 241, 244, 245, 246, 247, 248, 249, 250, 251, 252, 253, 255], "summary": {"covered_lines": 41, "num_statements": 47, "percent_covered": 83.09859154929578, "percent_covered_display": "83.10", "missing_lines": 6, "excluded_lines": 0, "percent_statements_covered": 87.23404255319149, "percent_statements_covered_display": "87.23", "num_branches": 24, "num_partial_branches": 6, "covered_branches": 18, "missing_branches": 6, "percent_branches_covered": 75.0, "percent_branches_covered_display": "75.00"}, "missing_lines": [216, 218, 220, 222, 224, 242], "excluded_lines": [], "start_line": 202, "executed_branches": [[205, 206], [205, 208], [215, 217], [217, 219], [219, 221], [221, 223], [223, 225], [225, 226], [225, 228], [229, 230], [229, 231], [236, 237], [236, 239], [241, 244], [245, 246], [245, 248], [250, 251], [250, 255]], "missing_branches": [[215, 216], [217, 218], [219, 220], [221, 222], [223, 224], [241, 242]]}, "read_dataset_provenance": {"executed_lines": [268, 269, 270, 271, 272, 273, 274, 275], "summary": {"covered_lines": 8, "num_statements": 8, "percent_covered": 100.0, "percent_covered_display": "100.00", "missing_lines": 0, "excluded_lines": 0, "percent_statements_covered": 100.0, "percent_statements_covered_display": "100.00", "num_branches": 2, "num_partial_branches": 0, "covered_branches": 2, "missing_branches": 0, "percent_branches_covered": 100.0, "percent_branches_covered_display": "100.00"}, "missing_lines": [], "excluded_lines": [], "start_line": 267, "executed_branches": [[273, 274], [273, 275]], "missing_branches": []}, "": {"executed_lines": [1, 3, 4, 5, 6, 7, 8, 9, 10, 11, 13, 15, 16, 19, 20, 21, 22, 23, 24, 25, 26, 27, 28, 29, 32, 50, 63, 64, 65, 66, 67, 68, 69, 70, 71, 72, 75, 98, 113, 131, 194, 202, 267], "summary": {"covered_lines": 43, "num_statements": 43, "percent_covered": 100.0, "percent_covered_display": "100.00", "missing_lines": 0, "excluded_lines": 0, "percent_statements_covered": 100.0, "percent_statements_covered_display": "100.00", "num_branches": 0, "num_partial_branches": 0, "covered_branches": 0, "missing_branches": 0, "percent_branches_covered": 100.0, "percent_branches_covered_display": "100.00"}, "missing_lines": [], "excluded_lines": [], "start_line": 1, "executed_branches": [], "missing_branches": []}}, "classes": {"DatasetSpec": {"executed_lines": [], "summary": {"covered_lines": 0, "num_statements": 0, "percent_covered": 100.0, "percent_covered_display": "100.00", "missing_lines": 0, "excluded_lines": 0, "percent_statements_covered": 100.0, "percent_statements_covered_display": "100.00", "num_branches": 0, "num_partial_branches": 0, "covered_branches": 0, "missing_branches": 0, "percent_branches_covered": 100.0, "percent_branches_covered_display": "100.00"}, "missing_lines": [], "excluded_lines": [], "start_line": 20, "executed_branches": [], "missing_branches": []}, "HARSplit": {"executed_lines": [], "summary": {"covered_lines": 0, "num_statements": 0, "percent_covered": 100.0, "percent_covered_display": "100.00", "missing_lines": 0, "excluded_lines": 0, "percent_statements_covered": 100.0, "percent_statements_covered_display": "100.00", "num_branches": 0, "num_partial_branches": 0, "covered_branches": 0, "missing_branches": 0, "percent_branches_covered": 100.0, "percent_branches_covered_display": "100.00"}, "missing_lines": [], "excluded_lines": [], "start_line": 64, "executed_branches": [], "missing_branches": []}, "": {"executed_lines": [1, 3, 4, 5, 6, 7, 8, 9, 10, 11, 13, 15, 16, 19, 20, 21, 22, 23, 24, 25, 26, 27, 28, 29, 32, 50, 63, 64, 65, 66, 67, 68, 69, 70, 71, 72, 75, 76, 77, 78, 79, 80, 81, 82, 84, 85, 86, 87, 89, 90, 92, 93, 94, 95, 98, 99, 100, 101, 102, 103, 104, 105, 106, 108, 109, 110, 113, 114, 128, 131, 138, 139, 140, 141, 142, 143, 145, 146, 147, 148, 149, 150, 151, 152, 153, 154, 155, 156, 157, 158, 159, 160, 164, 165, 166, 167, 168, 169, 170, 171, 172, 173, 174, 175, 176, 177, 178, 180, 186, 187, 188, 189, 191, 194, 195, 196, 199, 202, 203, 204, 205, 206, 208, 209, 210, 211, 212, 213, 215, 217, 219, 221, 223, 225, 226, 228, 229, 230, 231, 232, 234, 235, 236, 237, 238, 239, 240, 241, 244, 245, 246, 247, 248, 249, 250, 251, 252, 253, 255, 267, 268, 269, 270, 271, 272, 273, 274, 275], "summary": {"covered_lines": 168, "num_statements": 179, "percent_covered": 91.48936170212765, "percent_covered_display": "91.49", "missing_lines": 11, "excluded_lines": 0, "percent_statements_covered": 93.85474860335195, "percent_statements_covered_display": "93.85", "num_branches": 56, "num_partial_branches": 9, "covered_branches": 47, "missing_branches": 9, "percent_branches_covered": 83.92857142857143, "percent_branches_covered_display": "83.93"}, "missing_lines": [88, 91, 107, 197, 198, 216, 218, 220, 222, 224, 242], "excluded_lines": [], "start_line": 1, "executed_branches": [[78, 79], [78, 95], [81, 82], [81, 84], [85, 86], [85, 87], [87, 89], [90, 92], [92, 93], [92, 94], [103, 104], [103, 105], [106, 108], [139, 140], [139, 145], [141, 142], [141, 143], [153, 154], [153, 160], [158, 159], [158, 160], [170, 171], [170, 172], [172, 173], [172, 180], [186, 187], [186, 188], [205, 206], [205, 208], [215, 217], [217, 219], [219, 221], [221, 223], [223, 225], [225, 226], [225, 228], [229, 230], [229, 231], [236, 237], [236, 239], [241, 244], [245, 246], [245, 248], [250, 251], [250, 255], [273, 274], [273, 275]], "missing_branches": [[87, 88], [90, 91], [106, 107], [215, 216], [217, 218], [219, 220], [221, 222], [223, 224], [241, 242]]}}}, "src/edgeai/deploy.py": {"executed_lines": [1, 3, 4, 5, 6, 7, 8, 10, 11, 12, 13, 14, 15, 16, 17, 19, 20, 21, 22, 23, 26, 34, 45, 46, 47, 49, 55, 56, 57, 58, 60, 61, 62, 63, 64, 65, 66, 67, 68, 69, 71, 72, 73, 74, 75, 76, 77, 79, 80, 81, 82, 83, 84, 85, 87, 88, 89, 95, 96, 97, 98, 99, 100, 101, 102, 103, 104, 105, 106, 107, 108, 109, 110, 111, 112, 113, 114, 115, 117, 118, 119, 121, 122, 123, 124, 125, 128, 138, 139, 140, 146, 147, 149, 150, 151, 152, 153, 154, 155, 156, 157, 159, 160, 161, 162, 163, 166, 168, 169, 170, 171, 174, 175, 177, 178, 179, 180, 181, 186, 187, 188, 189, 190, 191, 195, 196, 197, 198, 199, 207, 208, 209, 210, 211, 212, 213, 214, 215, 216, 217, 218, 219, 220, 221, 222, 223, 224, 230, 231, 232, 233, 235, 236, 237, 238, 240, 241, 243, 244, 245, 246, 247, 248, 250, 255, 257, 258, 264, 267, 275, 276, 278, 279, 280, 283, 284, 285, 286, 288, 292, 295, 296, 297, 300, 302, 303, 304, 305, 308, 309, 312, 318, 321, 324, 328, 333, 337, 338, 341, 347, 348, 349, 350, 351, 353, 354, 355, 364, 365, 366, 368, 369, 370, 371, 373, 374, 375, 377, 379, 380, 381, 382, 383, 384, 385, 386, 387, 388, 389, 390, 391, 393, 398, 400, 401, 402, 403, 404, 405, 406, 407, 408, 410, 411, 412, 414, 415, 416, 417, 419, 420, 421, 423, 424, 425, 426, 428, 430, 431, 433, 434, 435, 436, 439, 440, 441, 447, 449, 456, 457, 458, 461, 463, 465, 466, 468, 470, 471, 472, 473, 474, 475, 477, 478, 480, 482, 483, 484, 485, 486, 487, 488, 489, 490, 491, 495, 496, 497, 499, 500, 502, 503, 504, 505, 507, 508, 511, 512, 513, 514, 515, 516, 517, 518, 522, 523, 525, 530, 531, 532, 533, 534, 536, 537, 538, 539, 540, 545, 546, 548, 549, 551, 555, 557, 558, 559, 569, 571, 577, 579, 580, 581, 582, 583, 584, 588, 591, 592, 594, 595, 596, 597, 599, 600, 603, 605, 606, 608, 611, 612, 613, 614, 617, 620, 621, 622, 623, 631, 633, 634, 635, 636, 637, 639, 640, 641, 642, 643, 648, 649, 650, 651, 652, 656, 659, 662, 663, 664, 673, 674, 675, 676, 677, 678, 679, 680, 684, 685, 686, 687, 688, 690, 692, 693, 694, 695, 696, 697, 698, 699, 708, 709, 711, 712, 713, 714, 716, 717, 719, 721, 722, 723, 724, 725, 726, 727, 729, 731, 732, 733, 735, 736, 737, 739, 740], "summary": {"covered_lines": 435, "num_statements": 485, "percent_covered": 87.48180494905385, "percent_covered_display": "87.48", "missing_lines": 50, "excluded_lines": 0, "percent_statements_covered": 89.69072164948453, "percent_statements_covered_display": "89.69", "num_branches": 202, "num_partial_branches": 36, "covered_branches": 166, "missing_branches": 36, "percent_branches_covered": 82.17821782178218, "percent_branches_covered_display": "82.18"}, "missing_lines": [48, 54, 59, 116, 120, 126, 167, 239, 242, 249, 251, 252, 253, 254, 256, 259, 260, 261, 262, 281, 282, 289, 290, 332, 346, 352, 376, 392, 394, 395, 396, 397, 399, 427, 462, 464, 467, 476, 479, 498, 506, 509, 524, 535, 547, 604, 607, 638, 689, 734], "excluded_lines": [], "executed_branches": [[47, 49], [49, 55], [58, 60], [73, 74], [73, 75], [76, 77], [76, 79], [87, 88], [87, 89], [89, 95], [89, 96], [96, 97], [96, 98], [98, 99], [98, 100], [100, 101], [100, 102], [102, 103], [102, 104], [104, 105], [104, 110], [105, 104], [105, 106], [110, 111], [110, 112], [112, 113], [112, 114], [115, 117], [117, 118], [117, 121], [119, 121], [121, 122], [121, 123], [123, 124], [123, 125], [125, 128], [140, 146], [140, 147], [150, 151], [150, 152], [160, 161], [160, 162], [170, 171], [170, 174], [178, 179], [178, 180], [180, 181], [180, 186], [187, 188], [187, 190], [190, -177], [190, 191], [197, 198], [197, 199], [207, 208], [207, 209], [214, 215], [214, 216], [216, 217], [216, 218], [218, 219], [218, 220], [224, 230], [224, 231], [231, 232], [231, 233], [237, 238], [237, 241], [238, 240], [241, 243], [248, 250], [255, 257], [295, 296], [295, 302], [296, 297], [296, 300], [304, 305], [304, 308], [308, 309], [308, 337], [309, 312], [309, 333], [312, 318], [312, 328], [328, 333], [337, 338], [337, 341], [341, 347], [351, 353], [369, 370], [369, 371], [375, 377], [380, 381], [380, 384], [381, 382], [381, 383], [384, 385], [384, 386], [391, 393], [398, 400], [406, 407], [406, 408], [426, 428], [439, 440], [439, 441], [461, 463], [463, 465], [466, 468], [471, -470], [471, 472], [473, 474], [473, 475], [475, 477], [478, 480], [483, 484], [489, 490], [489, 495], [496, 497], [497, 499], [505, 507], [508, 511], [511, 512], [511, 515], [512, 513], [512, 514], [522, 523], [522, 530], [523, 525], [530, 531], [530, 545], [532, 533], [532, 538], [533, 534], [533, 537], [534, 536], [539, 530], [539, 540], [545, 546], [545, 549], [546, 548], [558, 559], [558, 569], [584, 588], [584, 591], [591, 592], [591, 594], [603, 605], [606, 608], [612, 613], [612, 620], [636, 637], [636, 640], [637, 639], [652, 656], [652, 664], [675, 676], [675, 678], [684, 685], [684, 686], [686, 687], [688, 690], [695, 696], [695, 697], [723, 724], [723, 725], [733, 735]], "missing_branches": [[47, 48], [49, 54], [58, 59], [115, 116], [119, 120], [125, 126], [238, 239], [241, 242], [248, 249], [255, 256], [328, 332], [341, 346], [351, 352], [375, 376], [391, 392], [398, 399], [426, 427], [461, 462], [463, 464], [466, 467], [475, 476], [478, 479], [483, 489], [496, 500], [497, 498], [505, 506], [508, 509], [523, 524], [534, 535], [546, 547], [603, 604], [606, 607], [637, 638], [686, 688], [688, 689], [733, 734]], "functions": {"ABDeployer.__init__": {"executed_lines": [45, 46, 47, 49, 55, 56, 57, 58, 60, 61, 62, 63, 64, 65, 66, 67, 68, 69], "summary": {"covered_lines": 18, "num_statements": 21, "percent_covered": 77.77777777777777, "percent_covered_display": "77.78", "missing_lines": 3, "excluded_lines": 0, "percent_statements_covered": 85.71428571428571, "percent_statements_covered_display": "85.71", "num_branches": 6, "num_partial_branches": 3, "covered_branches": 3, "missing_branches": 3, "percent_branches_covered": 50.0, "percent_branches_covered_display": "50.00"}, "missing_lines": [48, 54, 59], "excluded_lines": [], "start_line": 34, "executed_branches": [[47, 49], [49, 55], [58, 60]], "missing_branches": [[47, 48], [49, 54], [58, 59]]}, "ABDeployer._parse_state": {"executed_lines": [73, 74, 75, 76, 77, 79, 80, 81, 82, 83, 84, 85, 87, 88, 89, 95, 96, 97, 98, 99, 100, 101, 102, 103, 104, 105, 106, 107, 108, 109, 110, 111, 112, 113, 114, 115, 117, 118, 119, 121, 122, 123, 124, 125, 128], "summary": {"covered_lines": 45, "num_statements": 48, "percent_covered": 92.85714285714286, "percent_covered_display": "92.86", "missing_lines": 3, "excluded_lines": 0, "percent_statements_covered": 93.75, "percent_statements_covered_display": "93.75", "num_branches": 36, "num_partial_branches": 3, "covered_branches": 33, "missing_branches": 3, "percent_branches_covered": 91.66666666666667, "percent_branches_covered_display": "91.67"}, "missing_lines": [116, 120, 126], "excluded_lines": [], "start_line": 72, "executed_branches": [[73, 74], [73, 75], [76, 77], [76, 79], [87, 88], [87, 89], [89, 95], [89, 96], [96, 97], [96, 98], [98, 99], [98, 100], [100, 101], [100, 102], [102, 103], [102, 104], [104, 105], [104, 110], [105, 104], [105, 106], [110, 111], [110, 112], [112, 113], [112, 114], [115, 117], [117, 118], [117, 121], [119, 121], [121, 122], [121, 123], [123, 124], [123, 125], [125, 128]], "missing_branches": [[115, 116], [119, 120], [125, 126]]}, "ABDeployer._validate_anchor_floor": {"executed_lines": [140, 146, 147], "summary": {"covered_lines": 3, "num_statements": 3, "percent_covered": 100.0, "percent_covered_display": "100.00", "missing_lines": 0, "excluded_lines": 0, "percent_statements_covered": 100.0, "percent_statements_covered_display": "100.00", "num_branches": 2, "num_partial_branches": 0, "covered_branches": 2, "missing_branches": 0, "percent_branches_covered": 100.0, "percent_branches_covered_display": "100.00"}, "missing_lines": [], "excluded_lines": [], "start_line": 139, "executed_branches": [[140, 146], [140, 147]], "missing_branches": []}, "ABDeployer._read_anchor_floor": {"executed_lines": [150, 151, 152, 153, 154, 155, 156, 157], "summary": {"covered_lines": 8, "num_statements": 8, "percent_covered": 100.0, "percent_covered_display": "100.00", "missing_lines": 0, "excluded_lines": 0, "percent_statements_covered": 100.0, "percent_statements_covered_display": "100.00", "num_branches": 2, "num_partial_branches": 0, "covered_branches": 2, "missing_branches": 0, "percent_branches_covered": 100.0, "percent_branches_covered_display": "100.00"}, "missing_lines": [], "excluded_lines": [], "start_line": 149, "executed_branches": [[150, 151], [150, 152]], "missing_branches": []}, "ABDeployer._advance_anchor": {"executed_lines": [160, 161, 162, 163, 166, 168, 169, 170, 171, 174, 175], "summary": {"covered_lines": 11, "num_statements": 12, "percent_covered": 93.75, "percent_covered_display": "93.75", "missing_lines": 1, "excluded_lines": 0, "percent_statements_covered": 91.66666666666667, "percent_statements_covered_display": "91.67", "num_branches": 4, "num_partial_branches": 0, "covered_branches": 4, "missing_branches": 0, "percent_branches_covered": 100.0, "percent_branches_covered_display": "100.00"}, "missing_lines": [167], "excluded_lines": [], "start_line": 159, "executed_branches": [[160, 161], [160, 162], [170, 171], [170, 174]], "missing_branches": []}, "ABDeployer._validate_state_anchor": {"executed_lines": [178, 179, 180, 181, 186, 187, 188, 189, 190, 191], "summary": {"covered_lines": 10, "num_statements": 10, "percent_covered": 100.0, "percent_covered_display": "100.00", "missing_lines": 0, "excluded_lines": 0, "percent_statements_covered": 100.0, "percent_statements_covered_display": "100.00", "num_branches": 8, "num_partial_branches": 0, "covered_branches": 8, "missing_branches": 0, "percent_branches_covered": 100.0, "percent_branches_covered_display": "100.00"}, "missing_lines": [], "excluded_lines": [], "start_line": 177, "executed_branches": [[178, 179], [178, 180], [180, 181], [180, 186], [187, 188], [187, 190], [190, -177], [190, 191]], "missing_branches": []}, "ABDeployer._parse_pending_anchor": {"executed_lines": [197, 198, 199, 207, 208, 209, 210, 211, 212, 213, 214, 215, 216, 217, 218, 219, 220, 221, 222, 223, 224, 230, 231, 232, 233], "summary": {"covered_lines": 25, "num_statements": 25, "percent_covered": 100.0, "percent_covered_display": "100.00", "missing_lines": 0, "excluded_lines": 0, "percent_statements_covered": 100.0, "percent_statements_covered_display": "100.00", "num_branches": 14, "num_partial_branches": 0, "covered_branches": 14, "missing_branches": 0, "percent_branches_covered": 100.0, "percent_branches_covered_display": "100.00"}, "missing_lines": [], "excluded_lines": [], "start_line": 196, "executed_branches": [[197, 198], [197, 199], [207, 208], [207, 209], [214, 215], [214, 216], [216, 217], [216, 218], [218, 219], [218, 220], [224, 230], [224, 231], [231, 232], [231, 233]], "missing_branches": []}, "ABDeployer._read_pending_anchor": {"executed_lines": [236, 237, 238, 240, 241, 243, 244, 245, 246, 247, 248, 250, 255, 257, 258], "summary": {"covered_lines": 15, "num_statements": 27, "percent_covered": 56.75675675675676, "percent_covered_display": "56.76", "missing_lines": 12, "excluded_lines": 0, "percent_statements_covered": 55.55555555555556, "percent_statements_covered_display": "55.56", "num_branches": 10, "num_partial_branches": 4, "covered_branches": 6, "missing_branches": 4, "percent_branches_covered": 60.0, "percent_branches_covered_display": "60.00"}, "missing_lines": [239, 242, 249, 251, 252, 253, 254, 256, 259, 260, 261, 262], "excluded_lines": [], "start_line": 235, "executed_branches": [[237, 238], [237, 241], [238, 240], [241, 243], [248, 250], [255, 257]], "missing_branches": [[238, 239], [241, 242], [248, 249], [255, 256]]}, "ABDeployer._write_pending_anchor": {"executed_lines": [267, 275, 276], "summary": {"covered_lines": 3, "num_statements": 3, "percent_covered": 100.0, "percent_covered_display": "100.00", "missing_lines": 0, "excluded_lines": 0, "percent_statements_covered": 100.0, "percent_statements_covered_display": "100.00", "num_branches": 0, "num_partial_branches": 0, "covered_branches": 0, "missing_branches": 0, "percent_branches_covered": 100.0, "percent_branches_covered_display": "100.00"}, "missing_lines": [], "excluded_lines": [], "start_line": 264, "executed_branches": [], "missing_branches": []}, "ABDeployer._remove_pending_anchor": {"executed_lines": [279, 280, 283, 284, 285, 286, 288], "summary": {"covered_lines": 7, "num_statements": 11, "percent_covered": 63.63636363636363, "percent_covered_display": "63.64", "missing_lines": 4, "excluded_lines": 0, "percent_statements_covered": 63.63636363636363, "percent_statements_covered_display": "63.64", "num_branches": 0, "num_partial_branches": 0, "covered_branches": 0, "missing_branches": 0, "percent_branches_covered": 100.0, "percent_branches_covered_display": "100.00"}, "missing_lines": [281, 282, 289, 290], "excluded_lines": [], "start_line": 278, "executed_branches": [], "missing_branches": []}, "ABDeployer._recover_anchor_commit": {"executed_lines": [295, 296, 297, 300, 302, 303, 304, 305, 308, 309, 312, 318, 321, 324, 328, 333, 337, 338, 341, 347, 348, 349, 350, 351, 353, 354, 355, 364, 365, 366], "summary": {"covered_lines": 30, "num_statements": 33, "percent_covered": 88.67924528301887, "percent_covered_display": "88.68", "missing_lines": 3, "excluded_lines": 0, "percent_statements_covered": 90.9090909090909, "percent_statements_covered_display": "90.91", "num_branches": 20, "num_partial_branches": 3, "covered_branches": 17, "missing_branches": 3, "percent_branches_covered": 85.0, "percent_branches_covered_display": "85.00"}, "missing_lines": [332, 346, 352], "excluded_lines": [], "start_line": 292, "executed_branches": [[295, 296], [295, 302], [296, 297], [296, 300], [304, 305], [304, 308], [308, 309], [308, 337], [309, 312], [309, 333], [312, 318], [312, 328], [328, 333], [337, 338], [337, 341], [341, 347], [351, 353]], "missing_branches": [[328, 332], [341, 346], [351, 352]]}, "ABDeployer._slot_dir": {"executed_lines": [369, 370, 371], "summary": {"covered_lines": 3, "num_statements": 3, "percent_covered": 100.0, "percent_covered_display": "100.00", "missing_lines": 0, "excluded_lines": 0, "percent_statements_covered": 100.0, "percent_statements_covered_display": "100.00", "num_branches": 2, "num_partial_branches": 0, "covered_branches": 2, "missing_branches": 0, "percent_branches_covered": 100.0, "percent_branches_covered_display": "100.00"}, "missing_lines": [], "excluded_lines": [], "start_line": 368, "executed_branches": [[369, 370], [369, 371]], "missing_branches": []}, "ABDeployer._slot_data_exists": {"executed_lines": [374, 375, 377], "summary": {"covered_lines": 3, "num_statements": 4, "percent_covered": 66.66666666666667, "percent_covered_display": "66.67", "missing_lines": 1, "excluded_lines": 0, "percent_statements_covered": 75.0, "percent_statements_covered_display": "75.00", "num_branches": 2, "num_partial_branches": 1, "covered_branches": 1, "missing_branches": 1, "percent_branches_covered": 50.0, "percent_branches_covered_display": "50.00"}, "missing_lines": [376], "excluded_lines": [], "start_line": 373, "executed_branches": [[375, 377]], "missing_branches": [[375, 376]]}, "ABDeployer._read": {"executed_lines": [380, 381, 382, 383, 384, 385, 386, 387, 388, 389, 390, 391, 393, 398, 400, 401, 402, 403, 404, 405, 406, 407, 408], "summary": {"covered_lines": 23, "num_statements": 29, "percent_covered": 80.48780487804878, "percent_covered_display": "80.49", "missing_lines": 6, "excluded_lines": 0, "percent_statements_covered": 79.3103448275862, "percent_statements_covered_display": "79.31", "num_branches": 12, "num_partial_branches": 2, "covered_branches": 10, "missing_branches": 2, "percent_branches_covered": 83.33333333333333, "percent_branches_covered_display": "83.33"}, "missing_lines": [392, 394, 395, 396, 397, 399], "excluded_lines": [], "start_line": 379, "executed_branches": [[380, 381], [380, 384], [381, 382], [381, 383], [384, 385], [384, 386], [391, 393], [398, 400], [406, 407], [406, 408]], "missing_branches": [[391, 392], [398, 399]]}, "ABDeployer._write": {"executed_lines": [411, 412], "summary": {"covered_lines": 2, "num_statements": 2, "percent_covered": 100.0, "percent_covered_display": "100.00", "missing_lines": 0, "excluded_lines": 0, "percent_statements_covered": 100.0, "percent_statements_covered_display": "100.00", "num_branches": 0, "num_partial_branches": 0, "covered_branches": 0, "missing_branches": 0, "percent_branches_covered": 100.0, "percent_branches_covered_display": "100.00"}, "missing_lines": [], "excluded_lines": [], "start_line": 410, "executed_branches": [], "missing_branches": []}, "ABDeployer._error_text": {"executed_lines": [416, 417], "summary": {"covered_lines": 2, "num_statements": 2, "percent_covered": 100.0, "percent_covered_display": "100.00", "missing_lines": 0, "excluded_lines": 0, "percent_statements_covered": 100.0, "percent_statements_covered_display": "100.00", "num_branches": 0, "num_partial_branches": 0, "covered_branches": 0, "missing_branches": 0, "percent_branches_covered": 100.0, "percent_branches_covered_display": "100.00"}, "missing_lines": [], "excluded_lines": [], "start_line": 415, "executed_branches": [], "missing_branches": []}, "ABDeployer._canonical_manifest": {"executed_lines": [420, 421], "summary": {"covered_lines": 2, "num_statements": 2, "percent_covered": 100.0, "percent_covered_display": "100.00", "missing_lines": 0, "excluded_lines": 0, "percent_statements_covered": 100.0, "percent_statements_covered_display": "100.00", "num_branches": 0, "num_partial_branches": 0, "covered_branches": 0, "missing_branches": 0, "percent_branches_covered": 100.0, "percent_branches_covered_display": "100.00"}, "missing_lines": [], "excluded_lines": [], "start_line": 419, "executed_branches": [], "missing_branches": []}, "ABDeployer._verified_directory_manifest": {"executed_lines": [424, 425, 426, 428], "summary": {"covered_lines": 4, "num_statements": 5, "percent_covered": 71.42857142857143, "percent_covered_display": "71.43", "missing_lines": 1, "excluded_lines": 0, "percent_statements_covered": 80.0, "percent_statements_covered_display": "80.00", "num_branches": 2, "num_partial_branches": 1, "covered_branches": 1, "missing_branches": 1, "percent_branches_covered": 50.0, "percent_branches_covered_display": "50.00"}, "missing_lines": [427], "excluded_lines": [], "start_line": 423, "executed_branches": [[426, 428]], "missing_branches": [[426, 427]]}, "ABDeployer._verified_slot_manifest": {"executed_lines": [431], "summary": {"covered_lines": 1, "num_statements": 1, "percent_covered": 100.0, "percent_covered_display": "100.00", "missing_lines": 0, "excluded_lines": 0, "percent_statements_covered": 100.0, "percent_statements_covered_display": "100.00", "num_branches": 0, "num_partial_branches": 0, "covered_branches": 0, "missing_branches": 0, "percent_branches_covered": 100.0, "percent_branches_covered_display": "100.00"}, "missing_lines": [], "excluded_lines": [], "start_line": 430, "executed_branches": [], "missing_branches": []}, "ABDeployer._verified_slot_runtime": {"executed_lines": [434, 435, 436, 439, 440, 441, 447], "summary": {"covered_lines": 7, "num_statements": 7, "percent_covered": 100.0, "percent_covered_display": "100.00", "missing_lines": 0, "excluded_lines": 0, "percent_statements_covered": 100.0, "percent_statements_covered_display": "100.00", "num_branches": 2, "num_partial_branches": 0, "covered_branches": 2, "missing_branches": 0, "percent_branches_covered": 100.0, "percent_branches_covered_display": "100.00"}, "missing_lines": [], "excluded_lines": [], "start_line": 433, "executed_branches": [[439, 440], [439, 441]], "missing_branches": []}, "ABDeployer._verified_slot_artifact": {"executed_lines": [456, 457, 458, 461, 463, 465, 466, 468], "summary": {"covered_lines": 8, "num_statements": 11, "percent_covered": 64.70588235294117, "percent_covered_display": "64.71", "missing_lines": 3, "excluded_lines": 0, "percent_statements_covered": 72.72727272727273, "percent_statements_covered_display": "72.73", "num_branches": 6, "num_partial_branches": 3, "covered_branches": 3, "missing_branches": 3, "percent_branches_covered": 50.0, "percent_branches_covered_display": "50.00"}, "missing_lines": [462, 464, 467], "excluded_lines": [], "start_line": 449, "executed_branches": [[461, 463], [463, 465], [466, 468]], "missing_branches": [[461, 462], [463, 464], [466, 467]]}, "ABDeployer._recover_backups": {"executed_lines": [471, 472, 473, 474, 475, 477, 478, 480, 482, 483, 484, 485, 486, 487, 488, 489, 490, 491, 495, 496, 497, 499, 500], "summary": {"covered_lines": 23, "num_statements": 26, "percent_covered": 80.95238095238095, "percent_covered_display": "80.95", "missing_lines": 3, "excluded_lines": 0, "percent_statements_covered": 88.46153846153847, "percent_statements_covered_display": "88.46", "num_branches": 16, "num_partial_branches": 5, "covered_branches": 11, "missing_branches": 5, "percent_branches_covered": 68.75, "percent_branches_covered_display": "68.75"}, "missing_lines": [476, 479, 498], "excluded_lines": [], "start_line": 470, "executed_branches": [[471, -470], [471, 472], [473, 474], [473, 475], [475, 477], [478, 480], [483, 484], [489, 490], [489, 495], [496, 497], [497, 499]], "missing_branches": [[475, 476], [478, 479], [483, 489], [496, 500], [497, 498]]}, "ABDeployer._recover": {"executed_lines": [503, 504, 505, 507, 508, 511, 512, 513, 514, 515, 516, 517, 518, 522, 523, 525, 530, 531, 532, 533, 534, 536, 537, 538, 539, 540, 545, 546, 548, 549], "summary": {"covered_lines": 30, "num_statements": 35, "percent_covered": 83.60655737704919, "percent_covered_display": "83.61", "missing_lines": 5, "excluded_lines": 0, "percent_statements_covered": 85.71428571428571, "percent_statements_covered_display": "85.71", "num_branches": 26, "num_partial_branches": 5, "covered_branches": 21, "missing_branches": 5, "percent_branches_covered": 80.76923076923077, "percent_branches_covered_display": "80.77"}, "missing_lines": [506, 509, 524, 535, 547], "excluded_lines": [], "start_line": 502, "executed_branches": [[505, 507], [508, 511], [511, 512], [511, 515], [512, 513], [512, 514], [522, 523], [522, 530], [523, 525], [530, 531], [530, 545], [532, 533], [532, 538], [533, 534], [533, 537], [534, 536], [539, 530], [539, 540], [545, 546], [545, 549], [546, 548]], "missing_branches": [[505, 506], [508, 509], [523, 524], [534, 535], [546, 547]]}, "ABDeployer.state": {"executed_lines": [555], "summary": {"covered_lines": 1, "num_statements": 1, "percent_covered": 100.0, "percent_covered_display": "100.00", "missing_lines": 0, "excluded_lines": 0, "percent_statements_covered": 100.0, "percent_statements_covered_display": "100.00", "num_branches": 0, "num_partial_branches": 0, "covered_branches": 0, "missing_branches": 0, "percent_branches_covered": 100.0, "percent_branches_covered_display": "100.00"}, "missing_lines": [], "excluded_lines": [], "start_line": 551, "executed_branches": [], "missing_branches": []}, "ABDeployer._health_metrics": {"executed_lines": [558, 559, 569, 571, 577], "summary": {"covered_lines": 5, "num_statements": 5, "percent_covered": 100.0, "percent_covered_display": "100.00", "missing_lines": 0, "excluded_lines": 0, "percent_statements_covered": 100.0, "percent_statements_covered_display": "100.00", "num_branches": 2, "num_partial_branches": 0, "covered_branches": 2, "missing_branches": 0, "percent_branches_covered": 100.0, "percent_branches_covered_display": "100.00"}, "missing_lines": [], "excluded_lines": [], "start_line": 557, "executed_branches": [[558, 559], [558, 569]], "missing_branches": []}, "ABDeployer.deploy": {"executed_lines": [580, 581, 582, 583, 584, 588, 591, 592, 594, 595, 596, 597, 599, 600, 603, 605, 606, 608, 611, 612, 613, 614, 617, 620, 621, 622, 623, 631, 633, 634, 635, 636, 637, 639, 640, 641, 642, 643, 648, 649, 650, 651, 652, 656, 659, 662, 663, 664, 673, 674, 675, 676, 677, 678, 679, 680, 684, 685, 686, 687, 688, 690], "summary": {"covered_lines": 62, "num_statements": 66, "percent_covered": 90.0, "percent_covered_display": "90.00", "missing_lines": 4, "excluded_lines": 0, "percent_statements_covered": 93.93939393939394, "percent_statements_covered_display": "93.94", "num_branches": 24, "num_partial_branches": 5, "covered_branches": 19, "missing_branches": 5, "percent_branches_covered": 79.16666666666667, "percent_branches_covered_display": "79.17"}, "missing_lines": [604, 607, 638, 689], "excluded_lines": [], "start_line": 579, "executed_branches": [[584, 588], [584, 591], [591, 592], [591, 594], [603, 605], [606, 608], [612, 613], [612, 620], [636, 637], [636, 640], [637, 639], [652, 656], [652, 664], [675, 676], [675, 678], [684, 685], [684, 686], [686, 687], [688, 690]], "missing_branches": [[603, 604], [606, 607], [637, 638], [686, 688], [688, 689]]}, "ABDeployer.rollback": {"executed_lines": [693, 694, 695, 696, 697, 698, 699, 708, 709], "summary": {"covered_lines": 9, "num_statements": 9, "percent_covered": 100.0, "percent_covered_display": "100.00", "missing_lines": 0, "excluded_lines": 0, "percent_statements_covered": 100.0, "percent_statements_covered_display": "100.00", "num_branches": 2, "num_partial_branches": 0, "covered_branches": 2, "missing_branches": 0, "percent_branches_covered": 100.0, "percent_branches_covered_display": "100.00"}, "missing_lines": [], "excluded_lines": [], "start_line": 692, "executed_branches": [[695, 696], [695, 697]], "missing_branches": []}, "ABDeployer.active_identity": {"executed_lines": [712, 713, 714], "summary": {"covered_lines": 3, "num_statements": 3, "percent_covered": 100.0, "percent_covered_display": "100.00", "missing_lines": 0, "excluded_lines": 0, "percent_statements_covered": 100.0, "percent_statements_covered_display": "100.00", "num_branches": 0, "num_partial_branches": 0, "covered_branches": 0, "missing_branches": 0, "percent_branches_covered": 100.0, "percent_branches_covered_display": "100.00"}, "missing_lines": [], "excluded_lines": [], "start_line": 711, "executed_branches": [], "missing_branches": []}, "ABDeployer.active_version": {"executed_lines": [717], "summary": {"covered_lines": 1, "num_statements": 1, "percent_covered": 100.0, "percent_covered_display": "100.00", "missing_lines": 0, "excluded_lines": 0, "percent_statements_covered": 100.0, "percent_statements_covered_display": "100.00", "num_branches": 0, "num_partial_branches": 0, "covered_branches": 0, "missing_branches": 0, "percent_branches_covered": 100.0, "percent_branches_covered_display": "100.00"}, "missing_lines": [], "excluded_lines": [], "start_line": 716, "executed_branches": [], "missing_branches": []}, "ABDeployer.active_snapshot": {"executed_lines": [721, 722, 723, 724, 725, 726, 727], "summary": {"covered_lines": 7, "num_statements": 7, "percent_covered": 100.0, "percent_covered_display": "100.00", "missing_lines": 0, "excluded_lines": 0, "percent_statements_covered": 100.0, "percent_statements_covered_display": "100.00", "num_branches": 2, "num_partial_branches": 0, "covered_branches": 2, "missing_branches": 0, "percent_branches_covered": 100.0, "percent_branches_covered_display": "100.00"}, "missing_lines": [], "excluded_lines": [], "start_line": 719, "executed_branches": [[723, 724], [723, 725]], "missing_branches": []}, "ABDeployer.active_artifact_snapshot": {"executed_lines": [731, 732, 733, 735, 736, 737], "summary": {"covered_lines": 6, "num_statements": 7, "percent_covered": 77.77777777777777, "percent_covered_display": "77.78", "missing_lines": 1, "excluded_lines": 0, "percent_statements_covered": 85.71428571428571, "percent_statements_covered_display": "85.71", "num_branches": 2, "num_partial_branches": 1, "covered_branches": 1, "missing_branches": 1, "percent_branches_covered": 50.0, "percent_branches_covered_display": "50.00"}, "missing_lines": [734], "excluded_lines": [], "start_line": 729, "executed_branches": [[733, 735]], "missing_branches": [[733, 734]]}, "ABDeployer.active_runtime": {"executed_lines": [740], "summary": {"covered_lines": 1, "num_statements": 1, "percent_covered": 100.0, "percent_covered_display": "100.00", "missing_lines": 0, "excluded_lines": 0, "percent_statements_covered": 100.0, "percent_statements_covered_display": "100.00", "num_branches": 0, "num_partial_branches": 0, "covered_branches": 0, "missing_branches": 0, "percent_branches_covered": 100.0, "percent_branches_covered_display": "100.00"}, "missing_lines": [], "excluded_lines": [], "start_line": 739, "executed_branches": [], "missing_branches": []}, "": {"executed_lines": [1, 3, 4, 5, 6, 7, 8, 10, 11, 12, 13, 14, 15, 16, 17, 19, 20, 21, 22, 23, 26, 34, 71, 72, 138, 139, 149, 159, 177, 195, 196, 235, 264, 278, 292, 368, 373, 379, 410, 414, 415, 419, 423, 430, 433, 449, 470, 502, 551, 557, 579, 692, 711, 716, 719, 729, 739], "summary": {"covered_lines": 57, "num_statements": 57, "percent_covered": 100.0, "percent_covered_display": "100.00", "missing_lines": 0, "excluded_lines": 0, "percent_statements_covered": 100.0, "percent_statements_covered_display": "100.00", "num_branches": 0, "num_partial_branches": 0, "covered_branches": 0, "missing_branches": 0, "percent_branches_covered": 100.0, "percent_branches_covered_display": "100.00"}, "missing_lines": [], "excluded_lines": [], "start_line": 1, "executed_branches": [], "missing_branches": []}}, "classes": {"ABDeployer": {"executed_lines": [45, 46, 47, 49, 55, 56, 57, 58, 60, 61, 62, 63, 64, 65, 66, 67, 68, 69, 73, 74, 75, 76, 77, 79, 80, 81, 82, 83, 84, 85, 87, 88, 89, 95, 96, 97, 98, 99, 100, 101, 102, 103, 104, 105, 106, 107, 108, 109, 110, 111, 112, 113, 114, 115, 117, 118, 119, 121, 122, 123, 124, 125, 128, 140, 146, 147, 150, 151, 152, 153, 154, 155, 156, 157, 160, 161, 162, 163, 166, 168, 169, 170, 171, 174, 175, 178, 179, 180, 181, 186, 187, 188, 189, 190, 191, 197, 198, 199, 207, 208, 209, 210, 211, 212, 213, 214, 215, 216, 217, 218, 219, 220, 221, 222, 223, 224, 230, 231, 232, 233, 236, 237, 238, 240, 241, 243, 244, 245, 246, 247, 248, 250, 255, 257, 258, 267, 275, 276, 279, 280, 283, 284, 285, 286, 288, 295, 296, 297, 300, 302, 303, 304, 305, 308, 309, 312, 318, 321, 324, 328, 333, 337, 338, 341, 347, 348, 349, 350, 351, 353, 354, 355, 364, 365, 366, 369, 370, 371, 374, 375, 377, 380, 381, 382, 383, 384, 385, 386, 387, 388, 389, 390, 391, 393, 398, 400, 401, 402, 403, 404, 405, 406, 407, 408, 411, 412, 416, 417, 420, 421, 424, 425, 426, 428, 431, 434, 435, 436, 439, 440, 441, 447, 456, 457, 458, 461, 463, 465, 466, 468, 471, 472, 473, 474, 475, 477, 478, 480, 482, 483, 484, 485, 486, 487, 488, 489, 490, 491, 495, 496, 497, 499, 500, 503, 504, 505, 507, 508, 511, 512, 513, 514, 515, 516, 517, 518, 522, 523, 525, 530, 531, 532, 533, 534, 536, 537, 538, 539, 540, 545, 546, 548, 549, 555, 558, 559, 569, 571, 577, 580, 581, 582, 583, 584, 588, 591, 592, 594, 595, 596, 597, 599, 600, 603, 605, 606, 608, 611, 612, 613, 614, 617, 620, 621, 622, 623, 631, 633, 634, 635, 636, 637, 639, 640, 641, 642, 643, 648, 649, 650, 651, 652, 656, 659, 662, 663, 664, 673, 674, 675, 676, 677, 678, 679, 680, 684, 685, 686, 687, 688, 690, 693, 694, 695, 696, 697, 698, 699, 708, 709, 712, 713, 714, 717, 721, 722, 723, 724, 725, 726, 727, 731, 732, 733, 735, 736, 737, 740], "summary": {"covered_lines": 378, "num_statements": 428, "percent_covered": 86.34920634920636, "percent_covered_display": "86.35", "missing_lines": 50, "excluded_lines": 0, "percent_statements_covered": 88.3177570093458, "percent_statements_covered_display": "88.32", "num_branches": 202, "num_partial_branches": 36, "covered_branches": 166, "missing_branches": 36, "percent_branches_covered": 82.17821782178218, "percent_branches_covered_display": "82.18"}, "missing_lines": [48, 54, 59, 116, 120, 126, 167, 239, 242, 249, 251, 252, 253, 254, 256, 259, 260, 261, 262, 281, 282, 289, 290, 332, 346, 352, 376, 392, 394, 395, 396, 397, 399, 427, 462, 464, 467, 476, 479, 498, 506, 509, 524, 535, 547, 604, 607, 638, 689, 734], "excluded_lines": [], "start_line": 26, "executed_branches": [[47, 49], [49, 55], [58, 60], [73, 74], [73, 75], [76, 77], [76, 79], [87, 88], [87, 89], [89, 95], [89, 96], [96, 97], [96, 98], [98, 99], [98, 100], [100, 101], [100, 102], [102, 103], [102, 104], [104, 105], [104, 110], [105, 104], [105, 106], [110, 111], [110, 112], [112, 113], [112, 114], [115, 117], [117, 118], [117, 121], [119, 121], [121, 122], [121, 123], [123, 124], [123, 125], [125, 128], [140, 146], [140, 147], [150, 151], [150, 152], [160, 161], [160, 162], [170, 171], [170, 174], [178, 179], [178, 180], [180, 181], [180, 186], [187, 188], [187, 190], [190, -177], [190, 191], [197, 198], [197, 199], [207, 208], [207, 209], [214, 215], [214, 216], [216, 217], [216, 218], [218, 219], [218, 220], [224, 230], [224, 231], [231, 232], [231, 233], [237, 238], [237, 241], [238, 240], [241, 243], [248, 250], [255, 257], [295, 296], [295, 302], [296, 297], [296, 300], [304, 305], [304, 308], [308, 309], [308, 337], [309, 312], [309, 333], [312, 318], [312, 328], [328, 333], [337, 338], [337, 341], [341, 347], [351, 353], [369, 370], [369, 371], [375, 377], [380, 381], [380, 384], [381, 382], [381, 383], [384, 385], [384, 386], [391, 393], [398, 400], [406, 407], [406, 408], [426, 428], [439, 440], [439, 441], [461, 463], [463, 465], [466, 468], [471, -470], [471, 472], [473, 474], [473, 475], [475, 477], [478, 480], [483, 484], [489, 490], [489, 495], [496, 497], [497, 499], [505, 507], [508, 511], [511, 512], [511, 515], [512, 513], [512, 514], [522, 523], [522, 530], [523, 525], [530, 531], [530, 545], [532, 533], [532, 538], [533, 534], [533, 537], [534, 536], [539, 530], [539, 540], [545, 546], [545, 549], [546, 548], [558, 559], [558, 569], [584, 588], [584, 591], [591, 592], [591, 594], [603, 605], [606, 608], [612, 613], [612, 620], [636, 637], [636, 640], [637, 639], [652, 656], [652, 664], [675, 676], [675, 678], [684, 685], [684, 686], [686, 687], [688, 690], [695, 696], [695, 697], [723, 724], [723, 725], [733, 735]], "missing_branches": [[47, 48], [49, 54], [58, 59], [115, 116], [119, 120], [125, 126], [238, 239], [241, 242], [248, 249], [255, 256], [328, 332], [341, 346], [351, 352], [375, 376], [391, 392], [398, 399], [426, 427], [461, 462], [463, 464], [466, 467], [475, 476], [478, 479], [483, 489], [496, 500], [497, 498], [505, 506], [508, 509], [523, 524], [534, 535], [546, 547], [603, 604], [606, 607], [637, 638], [686, 688], [688, 689], [733, 734]]}, "": {"executed_lines": [1, 3, 4, 5, 6, 7, 8, 10, 11, 12, 13, 14, 15, 16, 17, 19, 20, 21, 22, 23, 26, 34, 71, 72, 138, 139, 149, 159, 177, 195, 196, 235, 264, 278, 292, 368, 373, 379, 410, 414, 415, 419, 423, 430, 433, 449, 470, 502, 551, 557, 579, 692, 711, 716, 719, 729, 739], "summary": {"covered_lines": 57, "num_statements": 57, "percent_covered": 100.0, "percent_covered_display": "100.00", "missing_lines": 0, "excluded_lines": 0, "percent_statements_covered": 100.0, "percent_statements_covered_display": "100.00", "num_branches": 0, "num_partial_branches": 0, "covered_branches": 0, "missing_branches": 0, "percent_branches_covered": 100.0, "percent_branches_covered_display": "100.00"}, "missing_lines": [], "excluded_lines": [], "start_line": 1, "executed_branches": [], "missing_branches": []}}}, "src/edgeai/drift.py": {"executed_lines": [1, 2, 3, 4, 6, 7, 8, 9, 10, 12, 13, 14, 15, 16, 17, 18, 19, 20, 21, 22, 23, 24, 25, 26, 27, 28, 29, 30, 31, 32, 33], "summary": {"covered_lines": 31, "num_statements": 31, "percent_covered": 100.0, "percent_covered_display": "100.00", "missing_lines": 0, "excluded_lines": 0, "percent_statements_covered": 100.0, "percent_statements_covered_display": "100.00", "num_branches": 8, "num_partial_branches": 0, "covered_branches": 8, "missing_branches": 0, "percent_branches_covered": 100.0, "percent_branches_covered_display": "100.00"}, "missing_lines": [], "excluded_lines": [], "executed_branches"
[...]
d_display": "100.00"}, "missing_lines": [], "excluded_lines": [], "start_line": 1, "executed_branches": [], "missing_branches": []}}, "classes": {"OfflineSpool": {"executed_lines": [27, 28, 29, 30, 31, 32, 33, 34, 36, 39, 40, 41, 42, 43, 44, 47, 48, 52, 53, 54, 55, 57, 58, 67, 68, 69, 70, 71, 73, 74, 75, 76, 86, 87, 88, 92, 93, 94, 98, 99, 104, 105, 108, 109, 110, 111, 112, 113, 114, 116, 117, 118, 119, 123, 124, 125, 126, 127, 128, 129, 130, 131, 132, 134, 135, 136, 137, 138, 139, 140, 141, 142, 143, 144, 146, 147, 150, 153, 154, 155, 156, 158, 159, 160, 161, 162, 163, 164, 165, 166, 167, 168, 169, 170, 171, 172, 173, 174, 176, 177, 178, 179, 180, 181, 182, 185, 189, 192, 193, 194, 195, 196, 197, 198, 199, 200, 203, 204, 206, 207], "summary": {"covered_lines": 120, "num_statements": 138, "percent_covered": 88.04347826086956, "percent_covered_display": "88.04", "missing_lines": 18, "excluded_lines": 0, "percent_statements_covered": 86.95652173913044, "percent_statements_covered_display": "86.96", "num_branches": 46, "num_partial_branches": 4, "covered_branches": 42, "missing_branches": 4, "percent_branches_covered": 91.30434782608695, "percent_branches_covered_display": "91.30"}, "missing_lines": [35, 56, 59, 60, 61, 62, 63, 64, 72, 77, 78, 79, 80, 81, 82, 157, 201, 202], "excluded_lines": [], "start_line": 16, "executed_branches": [[34, 36], [43, -38], [43, 44], [55, 57], [71, 73], [86, 87], [86, 88], [99, 104], [99, 105], [111, 112], [111, 116], [118, 119], [118, 123], [123, 124], [123, 134], [124, 125], [124, 134], [129, 124], [129, 130], [130, 131], [130, 132], [135, 136], [135, 146], [139, 140], [139, 143], [150, 153], [150, 154], [156, 158], [158, 159], [158, 160], [163, 164], [163, 181], [164, 165], [164, 167], [173, 174], [173, 176], [194, 195], [194, 196], [198, 199], [198, 207], [203, 204], [203, 206]], "missing_branches": [[34, 35], [55, 56], [71, 72], [156, 157]]}, "": {"executed_lines": [1, 3, 4, 5, 6, 7, 8, 10, 12, 13, 16, 26, 38, 46, 66, 84, 85, 90, 91, 96, 97, 107, 149, 184, 187, 191], "summary": {"covered_lines": 26, "num_statements": 26, "percent_covered": 100.0, "percent_covered_display": "100.00", "missing_lines": 0, "excluded_lines": 0, "percent_statements_covered": 100.0, "percent_statements_covered_display": "100.00", "num_branches": 0, "num_partial_branches": 0, "covered_branches": 0, "missing_branches": 0, "percent_branches_covered": 100.0, "percent_branches_covered_display": "100.00"}, "missing_lines": [], "excluded_lines": [], "start_line": 1, "executed_branches": [], "missing_branches": []}}}, "src/edgeai/types.py": {"executed_lines": [1, 2, 3, 4, 5, 7, 8, 9, 11, 12, 13, 14, 15, 16, 18, 19, 20, 21, 22, 23, 25, 26, 27, 28, 29, 30, 31, 33, 36, 37, 38, 39, 40, 41, 42, 43, 44, 45, 46, 47, 49, 50, 51, 52, 54, 55, 56, 57, 58, 59, 60, 61, 62, 64, 65], "summary": {"covered_lines": 55, "num_statements": 57, "percent_covered": 93.84615384615384, "percent_covered_display": "93.85", "missing_lines": 2, "excluded_lines": 0, "percent_statements_covered": 96.49122807017544, "percent_statements_covered_display": "96.49", "num_branches": 8, "num_partial_branches": 2, "covered_branches": 6, "missing_branches": 2, "percent_branches_covered": 75.0, "percent_branches_covered_display": "75.00"}, "missing_lines": [32, 34], "excluded_lines": [], "executed_branches": [[27, 28], [27, 29], [29, 30], [29, 31], [31, 33], [33, -25]], "missing_branches": [[31, 32], [33, 34]], "functions": {"ModelMetrics.validate": {"executed_lines": [26, 27, 28, 29, 30, 31, 33], "summary": {"covered_lines": 7, "num_statements": 9, "percent_covered": 76.47058823529412, "percent_covered_display": "76.47", "missing_lines": 2, "excluded_lines": 0, "percent_statements_covered": 77.77777777777777, "percent_statements_covered_display": "77.78", "num_branches": 8, "num_partial_branches": 2, "covered_branches": 6, "missing_branches": 2, "percent_branches_covered": 75.0, "percent_branches_covered_display": "75.00"}, "missing_lines": [32, 34], "excluded_lines": [], "start_line": 25, "executed_branches": [[27, 28], [27, 29], [29, 30], [29, 31], [31, 33], [33, -25]], "missing_branches": [[31, 32], [33, 34]]}, "ArtifactManifest.to_dict": {"executed_lines": [50, 51, 52], "summary": {"covered_lines": 3, "num_statements": 3, "percent_covered": 100.0, "percent_covered_display": "100.00", "missing_lines": 0, "excluded_lines": 0, "percent_statements_covered": 100.0, "percent_statements_covered_display": "100.00", "num_branches": 0, "num_partial_branches": 0, "covered_branches": 0, "missing_branches": 0, "percent_branches_covered": 100.0, "percent_branches_covered_display": "100.00"}, "missing_lines": [], "excluded_lines": [], "start_line": 49, "executed_branches": [], "missing_branches": []}, "DeploymentState.to_dict": {"executed_lines": [65], "summary": {"covered_lines": 1, "num_statements": 1, "percent_covered": 100.0, "percent_covered_display": "100.00", "missing_lines": 0, "excluded_lines": 0, "percent_statements_covered": 100.0, "percent_statements_covered_display": "100.00", "num_branches": 0, "num_partial_branches": 0, "covered_branches": 0, "missing_branches": 0, "percent_branches_covered": 100.0, "percent_branches_covered_display": "100.00"}, "missing_lines": [], "excluded_lines": [], "start_line": 64, "executed_branches": [], "missing_branches": []}, "": {"executed_lines": [1, 2, 3, 4, 5, 7, 8, 9, 11, 12, 13, 14, 15, 16, 18, 19, 20, 21, 22, 23, 25, 36, 37, 38, 39, 40, 41, 42, 43, 44, 45, 46, 47, 49, 54, 55, 56, 57, 58, 59, 60, 61, 62, 64], "summary": {"covered_lines": 44, "num_statements": 44, "percent_covered": 100.0, "percent_covered_display": "100.00", "missing_lines": 0, "excluded_lines": 0, "percent_statements_covered": 100.0, "percent_statements_covered_display": "100.00", "num_branches": 0, "num_partial_branches": 0, "covered_branches": 0, "missing_branches": 0, "percent_branches_covered": 100.0, "percent_branches_covered_display": "100.00"}, "missing_lines": [], "excluded_lines": [], "start_line": 1, "executed_branches": [], "missing_branches": []}}, "classes": {"Slot": {"executed_lines": [], "summary": {"covered_lines": 0, "num_statements": 0, "percent_covered": 100.0, "percent_covered_display": "100.00", "missing_lines": 0, "excluded_lines": 0, "percent_statements_covered": 100.0, "percent_statements_covered_display": "100.00", "num_branches": 0, "num_partial_branches": 0, "covered_branches": 0, "missing_branches": 0, "percent_branches_covered": 100.0, "percent_branches_covered_display": "100.00"}, "missing_lines": [], "excluded_lines": [], "start_line": 7, "executed_branches": [], "missing_branches": []}, "DeploymentStatus": {"executed_lines": [], "summary": {"covered_lines": 0, "num_statements": 0, "percent_covered": 100.0, "percent_covered_display": "100.00", "missing_lines": 0, "excluded_lines": 0, "percent_statements_covered": 100.0, "percent_statements_covered_display": "100.00", "num_branches": 0, "num_partial_branches": 0, "covered_branches": 0, "missing_branches": 0, "percent_branches_covered": 100.0, "percent_branches_covered_display": "100.00"}, "missing_lines": [], "excluded_lines": [], "start_line": 11, "executed_branches": [], "missing_branches": []}, "ModelMetrics": {"executed_lines": [26, 27, 28, 29, 30, 31, 33], "summary": {"covered_lines": 7, "num_statements": 9, "percent_covered": 76.47058823529412, "percent_covered_display": "76.47", "missing_lines": 2, "excluded_lines": 0, "percent_statements_covered": 77.77777777777777, "percent_statements_covered_display": "77.78", "num_branches": 8, "num_partial_branches": 2, "covered_branches": 6, "missing_branches": 2, "percent_branches_covered": 75.0, "percent_branches_covered_display": "75.00"}, "missing_lines": [32, 34], "excluded_lines": [], "start_line": 19, "executed_branches": [[27, 28], [27, 29], [29, 30], [29, 31], [31, 33], [33, -25]], "missing_branches": [[31, 32], [33, 34]]}, "ArtifactManifest": {"executed_lines": [50, 51, 52], "summary": {"covered_lines": 3, "num_statements": 3, "percent_covered": 100.0, "percent_covered_display": "100.00", "missing_lines": 0, "excluded_lines": 0, "percent_statements_covered": 100.0, "percent_statements_covered_display": "100.00", "num_branches": 0, "num_partial_branches": 0, "covered_branches": 0, "missing_branches": 0, "percent_branches_covered": 100.0, "percent_branches_covered_display": "100.00"}, "missing_lines": [], "excluded_lines": [], "start_line": 37, "executed_branches": [], "missing_branches": []}, "DeploymentState": {"executed_lines": [65], "summary": {"covered_lines": 1, "num_statements": 1, "percent_covered": 100.0, "percent_covered_display": "100.00", "missing_lines": 0, "excluded_lines": 0, "percent_statements_covered": 100.0, "percent_statements_covered_display": "100.00", "num_branches": 0, "num_partial_branches": 0, "covered_branches": 0, "missing_branches": 0, "percent_branches_covered": 100.0, "percent_branches_covered_display": "100.00"}, "missing_lines": [], "excluded_lines": [], "start_line": 55, "executed_branches": [], "missing_branches": []}, "": {"executed_lines": [1, 2, 3, 4, 5, 7, 8, 9, 11, 12, 13, 14, 15, 16, 18, 19, 20, 21, 22, 23, 25, 36, 37, 38, 39, 40, 41, 42, 43, 44, 45, 46, 47, 49, 54, 55, 56, 57, 58, 59, 60, 61, 62, 64], "summary": {"covered_lines": 44, "num_statements": 44, "percent_covered": 100.0, "percent_covered_display": "100.00", "missing_lines": 0, "excluded_lines": 0, "percent_statements_covered": 100.0, "percent_statements_covered_display": "100.00", "num_branches": 0, "num_partial_branches": 0, "covered_branches": 0, "missing_branches": 0, "percent_branches_covered": 100.0, "percent_branches_covered_display": "100.00"}, "missing_lines": [], "excluded_lines": [], "start_line": 1, "executed_branches": [], "missing_branches": []}}}, "src/edgeai/util.py": {"executed_lines": [1, 2, 3, 4, 5, 7, 8, 10, 11, 13, 15, 16, 17, 18, 19, 20, 21, 23, 26, 30, 31, 32, 34, 35, 36, 38, 39, 40, 41, 42, 43, 44, 45, 46, 47, 48, 49, 50, 51, 52, 56, 57, 60, 66, 67, 68, 69, 71, 72, 73, 74, 77, 78, 79, 80, 81, 82, 83, 84, 85, 87, 88, 90, 91, 93, 95, 96, 98, 99], "summary": {"covered_lines": 69, "num_statements": 73, "percent_covered": 93.82716049382717, "percent_covered_display": "93.83", "missing_lines": 4, "excluded_lines": 2, "percent_statements_covered": 94.52054794520548, "percent_statements_covered_display": "94.52", "num_branches": 8, "num_partial_branches": 1, "covered_branches": 7, "missing_branches": 1, "percent_branches_covered": 87.5, "percent_branches_covered_display": "87.50"}, "missing_lines": [24, 53, 54, 86], "excluded_lines": [75, 76], "executed_branches": [[17, 18], [17, 21], [18, 19], [18, 20], [31, -30], [31, 32], [85, 87]], "missing_branches": [[85, 86]], "functions": {"canonical_json_bytes": {"executed_lines": [11], "summary": {"covered_lines": 1, "num_statements": 1, "percent_covered": 100.0, "percent_covered_display": "100.00", "missing_lines": 0, "excluded_lines": 0, "percent_statements_covered": 100.0, "percent_statements_covered_display": "100.00", "num_branches": 0, "num_partial_branches": 0, "covered_branches": 0, "missing_branches": 0, "percent_branches_covered": 100.0, "percent_branches_covered_display": "100.00"}, "missing_lines": [], "excluded_lines": [], "start_line": 10, "executed_branches": [], "missing_branches": []}, "strict_json_loads": {"executed_lines": [15, 23, 26], "summary": {"covered_lines": 3, "num_statements": 3, "percent_covered": 100.0, "percent_covered_display": "100.00", "missing_lines": 0, "excluded_lines": 0, "percent_statements_covered": 100.0, "percent_statements_covered_display": "100.00", "num_branches": 0, "num_partial_branches": 0, "covered_branches": 0, "missing_branches": 0, "percent_branches_covered": 100.0, "percent_branches_covered_display": "100.00"}, "missing_lines": [], "excluded_lines": [], "start_line": 13, "executed_branches": [], "missing_branches": []}, "strict_json_loads.object_no_duplicates": {"executed_lines": [16, 17, 18, 19, 20, 21], "summary": {"covered_lines": 6, "num_statements": 6, "percent_covered": 100.0, "percent_covered_display": "100.00", "missing_lines": 0, "excluded_lines": 0, "percent_statements_covered": 100.0, "percent_statements_covered_display": "100.00", "num_branches": 4, "num_partial_branches": 0, "covered_branches": 4, "missing_branches": 0, "percent_branches_covered": 100.0, "percent_branches_covered_display": "100.00"}, "missing_lines": [], "excluded_lines": [], "start_line": 15, "executed_branches": [[17, 18], [17, 21], [18, 19], [18, 20]], "missing_branches": []}, "strict_json_loads.reject_constant": {"executed_lines": [], "summary": {"covered_lines": 0, "num_statements": 1, "percent_covered": 0.0, "percent_covered_display": "0.00", "missing_lines": 1, "excluded_lines": 0, "percent_statements_covered": 0.0, "percent_statements_covered_display": "0.00", "num_branches": 0, "num_partial_branches": 0, "covered_branches": 0, "missing_branches": 0, "percent_branches_covered": 100.0, "percent_branches_covered_display": "100.00"}, "missing_lines": [24], "excluded_lines": [], "start_line": 23, "executed_branches": [], "missing_branches": []}, "validate_semver": {"executed_lines": [31, 32], "summary": {"covered_lines": 2, "num_statements": 2, "percent_covered": 100.0, "percent_covered_display": "100.00", "missing_lines": 0, "excluded_lines": 0, "percent_statements_covered": 100.0, "percent_statements_covered_display": "100.00", "num_branches": 2, "num_partial_branches": 0, "covered_branches": 2, "missing_branches": 0, "percent_branches_covered": 100.0, "percent_branches_covered_display": "100.00"}, "missing_lines": [], "excluded_lines": [], "start_line": 30, "executed_branches": [[31, -30], [31, 32]], "missing_branches": []}, "safe_version": {"executed_lines": [35, 36], "summary": {"covered_lines": 2, "num_statements": 2, "percent_covered": 100.0, "percent_covered_display": "100.00", "missing_lines": 0, "excluded_lines": 0, "percent_statements_covered": 100.0, "percent_statements_covered_display": "100.00", "num_branches": 0, "num_partial_branches": 0, "covered_branches": 0, "missing_branches": 0, "percent_branches_covered": 100.0, "percent_branches_covered_display": "100.00"}, "missing_lines": [], "excluded_lines": [], "start_line": 34, "executed_branches": [], "missing_branches": []}, "atomic_write": {"executed_lines": [39, 40, 41, 42, 43, 44, 45, 46, 47, 48, 49, 50, 51, 52, 56, 57], "summary": {"covered_lines": 16, "num_statements": 18, "percent_covered": 88.88888888888889, "percent_covered_display": "88.89", "missing_lines": 2, "excluded_lines": 0, "percent_statements_covered": 88.88888888888889, "percent_statements_covered_display": "88.89", "num_branches": 0, "num_partial_branches": 0, "covered_branches": 0, "missing_branches": 0, "percent_branches_covered": 100.0, "percent_branches_covered_display": "100.00"}, "missing_lines": [53, 54], "excluded_lines": [], "start_line": 38, "executed_branches": [], "missing_branches": []}, "InterProcessFileLock.__init__": {"executed_lines": [67, 68, 69], "summary": {"covered_lines": 3, "num_statements": 3, "percent_covered": 100.0, "percent_covered_display": "100.00", "missing_lines": 0, "excluded_lines": 0, "percent_statements_covered": 100.0, "percent_statements_covered_display": "100.00", "num_branches": 0, "num_partial_branches": 0, "covered_branches": 0, "missing_branches": 0, "percent_branches_covered": 100.0, "percent_branches_covered_display": "100.00"}, "missing_lines": [], "excluded_lines": [], "start_line": 66, "executed_branches": [], "missing_branches": []}, "InterProcessFileLock.acquire": {"executed_lines": [73, 74, 77, 78, 79, 80, 81, 82, 83, 84, 85, 87, 88, 90, 91, 93], "summary": {"covered_lines": 16, "num_statements": 17, "percent_covered": 89.47368421052632, "percent_covered_display": "89.47", "missing_lines": 1, "excluded_lines": 2, "percent_statements_covered": 94.11764705882354, "percent_statements_covered_display": "94.12", "num_branches": 2, "num_partial_branches": 1, "covered_branches": 1, "missing_branches": 1, "percent_branches_covered": 50.0, "percent_branches_covered_display": "50.00"}, "missing_lines": [86], "excluded_lines": [75, 76], "start_line": 72, "executed_branches": [[85, 87]], "missing_branches": [[85, 86]]}, "InterProcessFileLock.shared": {"executed_lines": [96], "summary": {"covered_lines": 1, "num_statements": 1, "percent_covered": 100.0, "percent_covered_display": "100.00", "missing_lines": 0, "excluded_lines": 0, "percent_statements_covered": 100.0, "percent_statements_covered_display": "100.00", "num_branches": 0, "num_partial_branches": 0, "covered_branches": 0, "missing_branches": 0, "percent_branches_covered": 100.0, "percent_branches_covered_display": "100.00"}, "missing_lines": [], "excluded_lines": [], "start_line": 95, "executed_branches": [], "missing_branches": []}, "InterProcessFileLock.exclusive": {"executed_lines": [99], "summary": {"covered_lines": 1, "num_statements": 1, "percent_covered": 100.0, "percent_covered_display": "100.00", "missing_lines": 0, "excluded_lines": 0, "percent_statements_covered": 100.0, "percent_statements_covered_display": "100.00", "num_branches": 0, "num_partial_branches": 0, "covered_branches": 0, "missing_branches": 0, "percent_branches_covered": 100.0, "percent_branches_covered_display": "100.00"}, "missing_lines": [], "excluded_lines": [], "start_line": 98, "executed_branches": [], "missing_branches": []}, "": {"executed_lines": [1, 2, 3, 4, 5, 7, 8, 10, 13, 30, 34, 38, 60, 66, 71, 72, 95, 98], "summary": {"covered_lines": 18, "num_statements": 18, "percent_covered": 100.0, "percent_covered_display": "100.00", "missing_lines": 0, "excluded_lines": 0, "percent_statements_covered": 100.0, "percent_statements_covered_display": "100.00", "num_branches": 0, "num_partial_branches": 0, "covered_branches": 0, "missing_branches": 0, "percent_branches_covered": 100.0, "percent_branches_covered_display": "100.00"}, "missing_lines": [], "excluded_lines": [], "start_line": 1, "executed_branches": [], "missing_branches": []}}, "classes": {"InterProcessFileLock": {"executed_lines": [67, 68, 69, 73, 74, 77, 78, 79, 80, 81, 82, 83, 84, 85, 87, 88, 90, 91, 93, 96, 99], "summary": {"covered_lines": 21, "num_statements": 22, "percent_covered": 91.66666666666667, "percent_covered_display": "91.67", "missing_lines": 1, "excluded_lines": 2, "percent_statements_covered": 95.45454545454545, "percent_statements_covered_display": "95.45", "num_branches": 2, "num_partial_branches": 1, "covered_branches": 1, "missing_branches": 1, "percent_branches_covered": 50.0, "percent_branches_covered_display": "50.00"}, "missing_lines": [86], "excluded_lines": [75, 76], "start_line": 60, "executed_branches": [[85, 87]], "missing_branches": [[85, 86]]}, "": {"executed_lines": [1, 2, 3, 4, 5, 7, 8, 10, 11, 13, 15, 16, 17, 18, 19, 20, 21, 23, 26, 30, 31, 32, 34, 35, 36, 38, 39, 40, 41, 42, 43, 44, 45, 46, 47, 48, 49, 50, 51, 52, 56, 57, 60, 66, 71, 72, 95, 98], "summary": {"covered_lines": 48, "num_statements": 51, "percent_covered": 94.73684210526316, "percent_covered_display": "94.74", "missing_lines": 3, "excluded_lines": 0, "percent_statements_covered": 94.11764705882354, "percent_statements_covered_display": "94.12", "num_branches": 6, "num_partial_branches": 0, "covered_branches": 6, "missing_branches": 0, "percent_branches_covered": 100.0, "percent_branches_covered_display": "100.00"}, "missing_lines": [24, 53, 54], "excluded_lines": [], "start_line": 1, "executed_branches": [[17, 18], [17, 21], [18, 19], [18, 20], [31, -30], [31, 32]], "missing_branches": []}}}}, "totals": {"covered_lines": 3545, "num_statements": 3863, "percent_covered": 90.49791707994446, "percent_covered_display": "90.50", "missing_lines": 318, "excluded_lines": 2, "percent_statements_covered": 91.76805591509189, "percent_statements_covered_display": "91.77", "num_branches": 1178, "num_partial_branches": 155, "covered_branches": 1017, "missing_branches": 161, "percent_branches_covered": 86.33276740237692, "percent_branches_covered_display": "86.33"}}